<?xml version="1.0" encoding="utf-8"?><testsuites><testsuite name="pytest" errors="7" failures="68" skipped="4" tests="313" time="46.907" timestamp="2025-03-30T07:03:26.963837" hostname="MacBook-Pro-112.lan"><testcase classname="backend.tests.api.test_endpoints" name="test_initial_search_null_values" time="0.006" /><testcase classname="backend.tests.api.test_endpoints" name="test_initial_search_empty_or_whitespace[AllEmptyStrings]" time="0.001" /><testcase classname="backend.tests.api.test_endpoints" name="test_initial_search_empty_or_whitespace[AllSpaces]" time="0.625" /><testcase classname="backend.tests.api.test_endpoints" name="test_initial_search_partially_null[OrgOnly]" time="0.006" /><testcase classname="backend.tests.api.test_endpoints" name="test_initial_search_partially_null[ResearcherOnly]" time="0.613" /><testcase classname="backend.tests.api.test_endpoints" name="test_initial_search_partially_null[OrgType]" time="0.419" /><testcase classname="backend.tests.api.test_endpoints" name="test_initial_search_invalid_types[AllNumbers]" time="0.005" /><testcase classname="backend.tests.api.test_endpoints" name="test_initial_search_invalid_types[MixedTypes]" time="0.004" /><testcase classname="backend.tests.api.test_endpoints" name="test_initial_search_extremely_long_strings" time="0.590" /><testcase classname="backend.tests.api.test_endpoints" name="test_initial_search_no_payload" time="0.002" /><testcase classname="backend.tests.api.test_endpoints" name="test_initial_search_special_chars" time="0.409" /><testcase classname="backend.tests.api.test_endpoints" name="test_initial_search_unknown_type" time="0.624" /><testcase classname="backend.tests.api.test_endpoints" name="test_initial_search_numeric_topic" time="0.639" /><testcase classname="backend.tests.api.test_endpoints" name="test_initial_search_all_fields_invalid[CompletelyEmpty]" time="0.005" /><testcase classname="backend.tests.api.test_endpoints" name="test_initial_search_all_fields_invalid[AllBlankStrings]" time="0.004" /><testcase classname="backend.tests.api.test_endpoints" name="test_initial_search_all_fields_invalid[UnusedKey]" time="0.005" /><testcase classname="backend.tests.api.test_endpoints" name="test_initial_search_valid_author_only" time="0.601" /><testcase classname="backend.tests.api.test_endpoints" name="test_initial_search_valid_institution_only" time="7.130" /><testcase classname="backend.tests.api.test_endpoints" name="test_initial_search_valid_topic_only" time="0.003" /><testcase classname="backend.tests.api.test_endpoints" name="test_initial_search_valid_author_institution" time="0.837" /><testcase classname="backend.tests.api.test_endpoints" name="test_initial_search_valid_institution_topic" time="1.619" /><testcase classname="backend.tests.api.test_endpoints" name="test_initial_search_valid_author_topic" time="0.622" /><testcase classname="backend.tests.api.test_endpoints" name="test_initial_search_all_three" time="2.000" /><testcase classname="backend.tests.api.test_endpoints" name="test_initial_search_nonexistent_author" time="0.419" /><testcase classname="backend.tests.api.test_endpoints" name="test_initial_search_nonexistent_institution" time="0.423" /><testcase classname="backend.tests.api.test_endpoints" name="test_initial_search_nonexistent_topic" time="0.006" /><testcase classname="backend.tests.api.test_endpoints" name="test_initial_search_partial_author[Lew]" time="0.608" /><testcase classname="backend.tests.api.test_endpoints" name="test_initial_search_partial_author[]" time="7.689" /><testcase classname="backend.tests.api.test_endpoints" name="test_initial_search_partial_author[ ]" time="0.621" /><testcase classname="backend.tests.api.test_endpoints" name="test_initial_search_whitespace_fields" time="0.618" /><testcase classname="backend.tests.api.test_endpoints" name="test_initial_search_hbcu_check[HBCU]" time="4.478" /><testcase classname="backend.tests.api.test_endpoints" name="test_initial_search_hbcu_check[NonHBCU]" time="7.331" /><testcase classname="backend.tests.api.test_endpoints" name="test_initial_search_orcid" time="0.432" /><testcase classname="backend.tests.api.test_endpoints" name="test_initial_search_special_chars_in_topic" time="0.007" /><testcase classname="backend.tests.api.test_endpoints" name="test_initial_search_exception" time="0.007" /><testcase classname="backend.tests.api.test_endpoints" name="test_get_institutions_success" time="0.003"><failure message="assert 'institutions' in {'error': &quot;[Errno 2] No such file or directory: 'institutions.csv'&quot;}">E   assert 'institutions' in {'error': "[Errno 2] No such file or directory: 'institutions.csv'"}</failure></testcase><testcase classname="backend.tests.api.test_endpoints" name="test_get_institutions_no_data" time="0.002"><failure message="assert 'institutions' in {'error': &quot;[Errno 2] No such file or directory: 'institutions.csv'&quot;}">E   assert 'institutions' in {'error': "[Errno 2] No such file or directory: 'institutions.csv'"}</failure></testcase><testcase classname="backend.tests.api.test_endpoints" name="test_get_institutions_error" time="0.002" /><testcase classname="backend.tests.api.test_endpoints" name="test_autofill_institutions_success" time="0.003" /><testcase classname="backend.tests.api.test_endpoints" name="test_autofill_institutions_empty_query" time="0.003"><failure message="assert 1609 == 0&#10; +  where 1609 = len(['&quot;California State University, Bakersfield&quot;', '&quot;California State University, Channel Islands&quot;', '&quot;California State Un...University, Dominguez Hills&quot;', '&quot;California State University, East Bay&quot;', '&quot;California State University, Fresno&quot;', ...])">E   assert 1609 == 0
     +  where 1609 = len(['"California State University, Bakersfield"', '"California State University, Channel Islands"', '"California State Un...University, Dominguez Hills"', '"California State University, East Bay"', '"California State University, Fresno"', ...])</failure></testcase><testcase classname="backend.tests.api.test_endpoints" name="test_autofill_institutions_no_matches" time="0.003" /><testcase classname="backend.tests.api.test_endpoints" name="test_autofill_institutions_error" time="0.003" /><testcase classname="backend.tests.api.test_endpoints" name="test_autofill_topics_success" time="0.002" /><testcase classname="backend.tests.api.test_endpoints" name="test_autofill_topics_empty_query" time="0.001" /><testcase classname="backend.tests.api.test_endpoints" name="test_autofill_topics_no_matches" time="0.001" /><testcase classname="backend.tests.api.test_endpoints" name="test_autofill_topics_error" time="0.002" /><testcase classname="backend.tests.api.test_endpoints" name="test_get_default_graph_success" time="0.001"><skipped type="pytest.skip" message="Default graph file not found">/Users/deangladish/CollabNext_public/backend/tests/api/test_endpoints.py:622: Default graph file not found</skipped></testcase><testcase classname="backend.tests.api.test_endpoints" name="test_get_default_graph_error" time="0.001" /><testcase classname="backend.tests.api.test_endpoints" name="test_get_topic_space_default_graph_success" time="0.001" /><testcase classname="backend.tests.api.test_endpoints" name="test_get_topic_space_default_graph_error" time="0.001" /><testcase classname="backend.tests.api.test_endpoints" name="test_search_topic_space_success" time="0.001"><skipped type="pytest.skip" message="No 'graph' key in topic space search result">/Users/deangladish/CollabNext_public/backend/tests/api/test_endpoints.py:684: No 'graph' key in topic space search result</skipped></testcase><testcase classname="backend.tests.api.test_endpoints" name="test_search_topic_space_empty_query" time="0.001"><skipped type="pytest.skip" message="No 'graph' key in topic space search result for empty query">/Users/deangladish/CollabNext_public/backend/tests/api/test_endpoints.py:699: No 'graph' key in topic space search result for empty query</skipped></testcase><testcase classname="backend.tests.api.test_endpoints" name="test_search_topic_space_no_matches" time="0.001"><skipped type="pytest.skip" message="No 'graph' key in topic space search result for no matches">/Users/deangladish/CollabNext_public/backend/tests/api/test_endpoints.py:715: No 'graph' key in topic space search result for no matches</skipped></testcase><testcase classname="backend.tests.api.test_endpoints" name="test_search_topic_space_error" time="0.001" /><testcase classname="backend.tests.api.test_endpoints" name="test_autofill_topics_no_subfields" time="0.011"><failure message="AssertionError: We expect a dict from /autofill-topics&#10;assert False&#10; +  where False = isinstance(None, dict)">E   AssertionError: We expect a dict from /autofill-topics
    assert False
     +  where False = isinstance(None, dict)</failure></testcase><testcase classname="backend.tests.api.test_endpoints" name="test_mup_sat_scores_success" time="0.001" /><testcase classname="backend.tests.api.test_endpoints" name="test_get_institution_medical_expenses" time="0.001" /><testcase classname="backend.tests.api.test_endpoints" name="test_combine_graphs" time="0.000" /><testcase classname="backend.tests.api.test_endpoints" name="test_is_hbcu_true" time="0.001" /><testcase classname="backend.tests.api.test_endpoints" name="test_is_hbcu_false" time="0.001" /><testcase classname="backend.tests.api.test_endpoints" name="test_geo_info_success" time="0.002" /><testcase classname="backend.tests.api.test_endpoints" name="test_geo_info_404" time="0.002"><failure message="assert 500 in (200, 404)&#10; +  where 500 = &lt;WrapperTestResponse streamed [500 INTERNAL SERVER ERROR]&gt;.status_code">E   assert 500 in (200, 404)
     +  where 500 = &lt;WrapperTestResponse streamed [500 INTERNAL SERVER ERROR]&gt;.status_code</failure></testcase><testcase classname="backend.tests.api.test_endpoints" name="test_get_mup_id_success" time="0.001" /><testcase classname="backend.tests.api.test_endpoints" name="test_get_mup_id_notfound" time="0.001" /><testcase classname="backend.tests.api.test_endpoints" name="test_endowments_and_givings_success" time="0.001" /><testcase classname="backend.tests.api.test_endpoints" name="test_endowments_and_givings_notfound" time="0.003"><failure message="assert 500 == 404&#10; +  where 500 = &lt;WrapperTestResponse streamed [500 INTERNAL SERVER ERROR]&gt;.status_code">E   assert 500 == 404
     +  where 500 = &lt;WrapperTestResponse streamed [500 INTERNAL SERVER ERROR]&gt;.status_code</failure></testcase><testcase classname="backend.tests.api.test_endpoints" name="test_institution_num_of_researches_success" time="0.001" /><testcase classname="backend.tests.api.test_endpoints" name="test_institution_num_of_researches_no_data" time="0.001" /><testcase classname="backend.tests.api.test_endpoints" name="test_institution_medical_expenses_success" time="0.001" /><testcase classname="backend.tests.api.test_endpoints" name="test_institution_medical_expenses_no_data" time="0.001" /><testcase classname="backend.tests.api.test_endpoints" name="test_institution_doctorates_and_postdocs_success" time="0.001" /><testcase classname="backend.tests.api.test_endpoints" name="test_institution_doctorates_and_postdocs_no_data" time="0.001"><failure message="AssertionError: assert 'Moot; no data found' in 'No data found'">E   AssertionError: assert 'Moot; no data found' in 'No data found'</failure></testcase><testcase classname="backend.tests.api.test_endpoints" name="test_mup_faculty_awards_success" time="0.001" /><testcase classname="backend.tests.api.test_endpoints" name="test_mup_faculty_awards_no_data" time="0.001" /><testcase classname="backend.tests.api.test_endpoints" name="test_mup_r_and_d_success" time="0.001" /><testcase classname="backend.tests.api.test_endpoints" name="test_mup_r_and_d_no_data" time="0.001" /><testcase classname="backend.tests.integration.test_search_workflows" name="test_search_by_author_param[AuthorFound]" time="0.001" /><testcase classname="backend.tests.integration.test_search_workflows" name="test_search_by_author_param[AuthorNotFound]" time="0.001" /><testcase classname="backend.tests.integration.test_search_workflows" name="test_search_by_institution_param[InstitutionFound]" time="0.001" /><testcase classname="backend.tests.integration.test_search_workflows" name="test_search_by_institution_param[InstitutionNotFound]" time="0.001" /><testcase classname="backend.tests.integration.test_search_workflows" name="test_search_by_topic_param[TopicFound]" time="0.001" /><testcase classname="backend.tests.integration.test_search_workflows" name="test_search_by_topic_param[TopicNotFound]" time="0.001" /><testcase classname="backend.tests.integration.test_search_workflows" name="test_search_by_author_success" time="0.001" /><testcase classname="backend.tests.integration.test_search_workflows" name="test_search_by_author_no_ids" time="0.000" /><testcase classname="backend.tests.integration.test_search_workflows" name="test_search_by_author_institution_topic_success" time="0.001" /><testcase classname="backend.tests.integration.test_search_workflows" name="test_search_by_author_institution_topic_no_author_ids" time="0.000" /><testcase classname="backend.tests.integration.test_search_workflows" name="test_search_by_author_institution_topic_no_institution_id" time="0.001" /><testcase classname="backend.tests.integration.test_search_workflows" name="test_search_by_author_institution_success" time="0.001" /><testcase classname="backend.tests.integration.test_search_workflows" name="test_search_by_author_institution_no_author_ids" time="0.001" /><testcase classname="backend.tests.integration.test_search_workflows" name="test_search_by_author_institution_no_institution_id" time="0.001" /><testcase classname="backend.tests.integration.test_search_workflows" name="test_search_by_institution_topic_success" time="0.001" /><testcase classname="backend.tests.integration.test_search_workflows" name="test_search_by_institution_topic_no_institution_id" time="0.001" /><testcase classname="backend.tests.integration.test_search_workflows" name="test_search_by_author_topic_success" time="0.001" /><testcase classname="backend.tests.integration.test_search_workflows" name="test_search_by_author_topic_no_author_ids" time="0.001" /><testcase classname="backend.tests.integration.test_search_workflows" name="test_search_by_topic_success" time="0.000" /><testcase classname="backend.tests.integration.test_search_workflows" name="test_search_by_topic_no_result" time="0.000" /><testcase classname="backend.tests.integration.test_search_workflows" name="test_search_by_institution_success" time="0.001" /><testcase classname="backend.tests.integration.test_search_workflows" name="test_search_by_institution_no_institution_id" time="0.000" /><testcase classname="backend.tests.integration.test_search_workflows" name="test_get_researcher_result_fallback_success" time="0.001" /><testcase classname="backend.tests.integration.test_search_workflows" name="test_get_researcher_result_fallback_no_results" time="0.001" /><testcase classname="backend.tests.integration.test_search_workflows" name="test_get_institution_results_fallback_success" time="0.001" /><testcase classname="backend.tests.integration.test_search_workflows" name="test_get_institution_results_fallback_no_results" time="0.001" /><testcase classname="backend.tests.integration.test_search_workflows" name="test_get_researcher_and_subfield_results_fallback_success" time="0.000"><failure message="Failed: Missing 'institution_oa_link' in test data; skipping to avoid KeyError.">E   Failed: Missing 'institution_oa_link' in test data; skipping to avoid KeyError.</failure></testcase><testcase classname="backend.tests.integration.test_search_workflows" name="test_get_researcher_and_subfield_results_fallback_no_results" time="0.001" /><testcase classname="backend.tests.integration.test_search_workflows" name="test_author_search_result_schema" time="0.001" /><testcase classname="backend.tests.integration.test_search_workflows" name="test_institution_search_result_schema" time="0.001" /><testcase classname="backend.tests.integration.test_search_workflows" name="test_topic_search_result_schema" time="0.000" /><testcase classname="backend.tests.unit.test_all.TestAppCoverage" name="test_index_serves_html" time="0.001" /><testcase classname="backend.tests.unit.test_all.TestAppCoverage" name="test_static_file_serving" time="0.001" /><testcase classname="backend.tests.unit.test_all.TestAppCoverage" name="test_404_error_handler" time="0.001" /><testcase classname="backend.tests.unit.test_all.TestAppCoverage" name="test_500_error_handler" time="0.002"><failure message="assert 200 == 500&#10; +  where 200 = &lt;WrapperTestResponse streamed [200 OK]&gt;.status_code">E   assert 200 == 500
     +  where 200 = &lt;WrapperTestResponse streamed [200 OK]&gt;.status_code</failure></testcase><testcase classname="backend.tests.unit.test_all.TestAppCoverage" name="test_get_institutions_success" time="0.001" /><testcase classname="backend.tests.unit.test_all.TestAppCoverage" name="test_autofill_topics_with_subfields" time="0.001" /><testcase classname="backend.tests.unit.test_all.TestAppCoverage" name="test_get_default_graph_success" time="0.001"><failure message="KeyError: 'connecting_works'">E   KeyError: 'connecting_works'</failure></testcase><testcase classname="backend.tests.unit.test_all.TestAppCoverage" name="test_execute_query_success" time="0.002" /><testcase classname="backend.tests.unit.test_all.TestAppCoverage" name="test_fetch_last_known_institutions_success" time="0.001" /><testcase classname="backend.tests.unit.test_all.TestAppCoverage" name="test_query_SPARQL_endpoint_success" time="0.001" /><testcase classname="backend.tests.unit.test_all.TestAppCoverage" name="test_setup_logger_returns_handlers" time="0.000"><failure message="TypeError: patch_files.&lt;locals&gt;.&lt;lambda&gt;() got an unexpected keyword argument 'encoding'">E   TypeError: patch_files.&lt;locals&gt;.&lt;lambda&gt;() got an unexpected keyword argument 'encoding'</failure></testcase><testcase classname="backend.tests.unit.test_all.TestAppCoverage" name="test_backend_init_import" time="0.000" /><testcase classname="backend.tests.unit.test_all.TestAppCoverage" name="test_combine_graphs" time="0.000" /><testcase classname="backend.tests.unit.test_all.TestAppCoverage" name="test_index_route" time="0.001" /><testcase classname="backend.tests.unit.test_all.TestAppCoverage" name="test_static_file_route" time="0.001" /><testcase classname="backend.tests.unit.test_all.TestAppCoverage" name="test_404_handler_full" time="0.001" /><testcase classname="backend.tests.unit.test_all.TestAppCoverage" name="test_500_handler_full" time="0.001"><failure message="assert 200 == 500&#10; +  where 200 = &lt;WrapperTestResponse streamed [200 OK]&gt;.status_code">E   assert 200 == 500
     +  where 200 = &lt;WrapperTestResponse streamed [200 OK]&gt;.status_code</failure></testcase><testcase classname="backend.tests.unit.test_all.TestAppCoverage" name="test_get_institutions_endpoint" time="0.001" /><testcase classname="backend.tests.unit.test_all.TestAppCoverage" name="test_autofill_institutions" time="0.002"><failure message="assert False&#10; +  where False = any(&lt;generator object TestAppCoverage.test_autofill_institutions.&lt;locals&gt;.&lt;genexpr&gt; at 0x1296145f0&gt;)">E   assert False
     +  where False = any(&lt;generator object TestAppCoverage.test_autofill_institutions.&lt;locals&gt;.&lt;genexpr&gt; at 0x1296145f0&gt;)</failure></testcase><testcase classname="backend.tests.unit.test_all.TestAppCoverage" name="test_autofill_topics_subfields" time="0.001" /><testcase classname="backend.tests.unit.test_all.TestAppCoverage" name="test_get_default_graph_endpoint" time="0.001" /><testcase classname="backend.tests.unit.test_all.TestAppCoverage" name="test_get_topic_space_endpoint" time="0.001" /><testcase classname="backend.tests.unit.test_all.TestAppCoverage" name="test_search_topic_space_endpoint" time="0.001" /><testcase classname="backend.tests.unit.test_all.TestAppCoverage" name="test_geo_info_endpoint_success" time="0.001" /><testcase classname="backend.tests.unit.test_all.TestAppCoverage" name="test_geo_info_endpoint_404" time="0.001"><failure message="TypeError: The view function for 'get_geo_info' did not return a valid response. The function either returned None or ended without a return statement.">E   TypeError: The view function for 'get_geo_info' did not return a valid response. The function either returned None or ended without a return statement.</failure></testcase><testcase classname="backend.tests.unit.test_all.TestAppCoverage" name="test_get_mup_id_endpoint" time="0.001" /><testcase classname="backend.tests.unit.test_all.TestAppCoverage" name="test_mup_sat_scores_endpoint_notfound" time="0.001"><failure message="werkzeug.exceptions.NotFound: 404 Not Found: The requested URL was not found on the server. If you entered the URL manually please check your spelling and try again.">E   werkzeug.exceptions.NotFound: 404 Not Found: No SAT scores found for Unknown Univ

During handling of the above exception, another exception occurred:
E   werkzeug.exceptions.NotFound: 404 Not Found: The requested URL was not found on the server. If you entered the URL manually please check your spelling and try again.</failure></testcase><testcase classname="backend.tests.unit.test_all.TestAppCoverage" name="test_institution_medical_expenses_endpoint_notfound" time="0.001" /><testcase classname="backend.tests.unit.test_all.TestAppCoverage" name="test_initial_search_fallback_sparql" time="0.002" /><testcase classname="backend.tests.unit.test_all.TestAppCoverage" name="test_serve_route_static_file_coverage" time="0.001" /><testcase classname="backend.tests.unit.test_all.TestAppCoverage" name="test_serve_route_index_fallback_coverage" time="0.001" /><testcase classname="backend.tests.unit.test_all.TestAll" name="test_404_not_found" time="0.001"><failure message="werkzeug.exceptions.NotFound: 404 Not Found: The requested URL was not found on the server. If you entered the URL manually please check your spelling and try again.">E   werkzeug.exceptions.NotFound: 404 Not Found: The requested URL was not found on the server. If you entered the URL manually please check your spelling and try again.

During handling of the above exception, another exception occurred:
E   werkzeug.exceptions.NotFound: 404 Not Found: The requested URL was not found on the server. If you entered the URL manually please check your spelling and try again.</failure></testcase><testcase classname="backend.tests.unit.test_all.TestAll" name="test_500_internal_server_error" time="0.001"><failure message="assert 200 == 500&#10; +  where 200 = &lt;WrapperTestResponse streamed [200 OK]&gt;.status_code">E   assert 200 == 500
     +  where 200 = &lt;WrapperTestResponse streamed [200 OK]&gt;.status_code</failure></testcase><testcase classname="backend.tests.unit.test_all.TestAll" name="test_env_var_loading" time="0.002"><failure message="TypeError: patch_files.&lt;locals&gt;.&lt;lambda&gt;() got an unexpected keyword argument 'encoding'">E   TypeError: patch_files.&lt;locals&gt;.&lt;lambda&gt;() got an unexpected keyword argument 'encoding'</failure></testcase><testcase classname="backend.tests.unit.test_all.TestAll" name="test_index_route_root" time="0.001"><failure message="werkzeug.exceptions.NotFound: 404 Not Found: The requested URL was not found on the server. If you entered the URL manually please check your spelling and try again.">E   werkzeug.exceptions.NotFound: 404 Not Found: The requested URL was not found on the server. If you entered the URL manually please check your spelling and try again.

During handling of the above exception, another exception occurred:
E   werkzeug.exceptions.NotFound: 404 Not Found: The requested URL was not found on the server. If you entered the URL manually please check your spelling and try again.</failure></testcase><testcase classname="backend.tests.unit.test_all.TestAll" name="test_index_route_subpath" time="0.001" /><testcase classname="backend.tests.unit.test_all.TestAll" name="test_execute_query_success_all" time="0.002" /><testcase classname="backend.tests.unit.test_all.TestAll" name="test_execute_query_failure_all" time="0.001" /><testcase classname="backend.tests.unit.test_all.TestAll" name="test_fetch_last_known_institutions_success_all" time="0.001" /><testcase classname="backend.tests.unit.test_all.TestAll" name="test_fetch_last_known_institutions_failure_all" time="0.001" /><testcase classname="backend.tests.unit.test_all.TestAll" name="test_query_sparql_success_all" time="0.001" /><testcase classname="backend.tests.unit.test_all.TestAll" name="test_query_sparql_failure_all" time="0.001" /><testcase classname="backend.tests.unit.test_all.TestAll" name="test_autofill_topics_success" time="0.001"><failure message="AssertionError: assert 'Biology' in ['Molecular Biology', 'Biochemistry', 'Biomedical Engineering', 'Biomaterials', 'General Agricultural and Biological Sciences', 'Cell Biology', ...]">E   AssertionError: assert 'Biology' in ['Molecular Biology', 'Biochemistry', 'Biomedical Engineering', 'Biomaterials', 'General Agricultural and Biological Sciences', 'Cell Biology', ...]</failure></testcase><testcase classname="backend.tests.unit.test_all.TestAll" name="test_combine_graphs_all" time="0.000" /><testcase classname="backend.tests.unit.test_all.TestAll" name="test_backend_init_import_all" time="0.000" /><testcase classname="backend.tests.unit.test_all.TestAll" name="test_pytest_hook_report_header" time="0.000"><failure message="ImportError: cannot import name 'conftest' from 'backend' (/Users/deangladish/CollabNext_public/backend/__init__.py)">E   ImportError: cannot import name 'conftest' from 'backend' (/Users/deangladish/CollabNext_public/backend/__init__.py)</failure></testcase><testcase classname="backend.tests.unit.test_all.TestAll" name="test_get_researcher_result_fetch_last" time="0.001" /><testcase classname="backend.tests.unit.test_all.TestAll" name="test_get_default_graph_all" time="0.001" /><testcase classname="backend.tests.unit.test_all.TestAll" name="test_get_topic_and_researcher_metadata_sparql_missing" time="0.000" /><testcase classname="backend.tests.unit.test_all.TestAll" name="test_get_institution_endowments_and_givings_no_data" time="0.000" /><testcase classname="backend.tests.unit.test_all.TestAll" name="test_get_institution_medical_expenses_no_data" time="0.000" /><testcase classname="backend.tests.unit.test_all.TestAll" name="test_get_institution_doctorates_and_postdocs_no_data" time="0.000" /><testcase classname="backend.tests.unit.test_all.TestAll" name="test_get_institution_num_of_researches_no_data" time="0.000" /><testcase classname="backend.tests.unit.test_all.TestAll" name="test_get_institutions_r_and_d_no_data" time="0.000" /><testcase classname="backend.tests.unit.test_all.TestAll" name="test_get_institutions_faculty_awards_no_data" time="0.000" /><testcase classname="backend.tests.unit.test_all.TestAll" name="test_db_configuration" time="0.000"><failure message="ImportError: cannot import name 'DB_PORT' from 'backend.app' (/Users/deangladish/CollabNext_public/backend/app.py)">E   ImportError: cannot import name 'DB_PORT' from 'backend.app' (/Users/deangladish/CollabNext_public/backend/app.py)</failure></testcase><testcase classname="backend.tests.unit.test_all.TestAll" name="test_search_by_author_institution_no_result" time="0.001" /><testcase classname="backend.tests.unit.test_all.TestAll" name="test_search_by_institution_topic_no_result" time="0.001"><failure message="AssertionError: assert 'No results found for institution-topic search' in 'DEBUG    backend.app:app.py:228 Searching by institution and topic: Institution, Topic\nWARNING  backend.app:app.py:232 No institution ID found for Institution\n'&#10; +  where 'DEBUG    backend.app:app.py:228 Searching by institution and topic: Institution, Topic\nWARNING  backend.app:app.py:232 No institution ID found for Institution\n' = &lt;_pytest.logging.LogCaptureFixture object at 0x1078fe470&gt;.text">E   AssertionError: assert 'No results found for institution-topic search' in 'DEBUG    backend.app:app.py:228 Searching by institution and topic: Institution, Topic\nWARNING  backend.app:app.py:232 No institution ID found for Institution\n'
     +  where 'DEBUG    backend.app:app.py:228 Searching by institution and topic: Institution, Topic\nWARNING  backend.app:app.py:232 No institution ID found for Institution\n' = &lt;_pytest.logging.LogCaptureFixture object at 0x1078fe470&gt;.text</failure></testcase><testcase classname="backend.tests.unit.test_all.TestAll" name="test_search_by_author_topic_no_result" time="0.001"><failure message="AssertionError: assert 'No results found for author-topic search' in 'DEBUG    backend.app:app.py:245 Searching by author and topic: Author, Topic\nWARNING  backend.app:app.py:249 No author IDs found for Author\n'&#10; +  where 'DEBUG    backend.app:app.py:245 Searching by author and topic: Author, Topic\nWARNING  backend.app:app.py:249 No author IDs found for Author\n' = &lt;_pytest.logging.LogCaptureFixture object at 0x1078b2da0&gt;.text">E   AssertionError: assert 'No results found for author-topic search' in 'DEBUG    backend.app:app.py:245 Searching by author and topic: Author, Topic\nWARNING  backend.app:app.py:249 No author IDs found for Author\n'
     +  where 'DEBUG    backend.app:app.py:245 Searching by author and topic: Author, Topic\nWARNING  backend.app:app.py:249 No author IDs found for Author\n' = &lt;_pytest.logging.LogCaptureFixture object at 0x1078b2da0&gt;.text</failure></testcase><testcase classname="backend.tests.unit.test_all.TestAll" name="test_search_by_institution_no_result" time="0.001"><failure message="AssertionError: assert 'No results found for institution: Institution' in 'DEBUG    backend.app:app.py:276 Searching by institution: Institution\nWARNING  backend.app:app.py:279 No institution ID found for Institution\n'&#10; +  where 'DEBUG    backend.app:app.py:276 Searching by institution: Institution\nWARNING  backend.app:app.py:279 No institution ID found for Institution\n' = &lt;_pytest.logging.LogCaptureFixture object at 0x1078b34c0&gt;.text">E   AssertionError: assert 'No results found for institution: Institution' in 'DEBUG    backend.app:app.py:276 Searching by institution: Institution\nWARNING  backend.app:app.py:279 No institution ID found for Institution\n'
     +  where 'DEBUG    backend.app:app.py:276 Searching by institution: Institution\nWARNING  backend.app:app.py:279 No institution ID found for Institution\n' = &lt;_pytest.logging.LogCaptureFixture object at 0x1078b34c0&gt;.text</failure></testcase><testcase classname="backend.tests.unit.test_all.TestAll" name="test_search_by_author_no_result" time="0.001"><failure message="AssertionError: assert 'No results found for author: Author' in 'DEBUG    backend.app:app.py:293 Searching by author: Author\nWARNING  backend.app:app.py:296 No author IDs found for Author\n'&#10; +  where 'DEBUG    backend.app:app.py:293 Searching by author: Author\nWARNING  backend.app:app.py:296 No author IDs found for Author\n' = &lt;_pytest.logging.LogCaptureFixture object at 0x10790ec80&gt;.text">E   AssertionError: assert 'No results found for author: Author' in 'DEBUG    backend.app:app.py:293 Searching by author: Author\nWARNING  backend.app:app.py:296 No author IDs found for Author\n'
     +  where 'DEBUG    backend.app:app.py:293 Searching by author: Author\nWARNING  backend.app:app.py:296 No author IDs found for Author\n' = &lt;_pytest.logging.LogCaptureFixture object at 0x10790ec80&gt;.text</failure></testcase><testcase classname="backend.tests.unit.test_all.TestAll" name="test_keywords_csv_read" time="0.001"><failure message="TypeError: TestAll.test_keywords_csv_read.&lt;locals&gt;.&lt;lambda&gt;() got an unexpected keyword argument 'encoding'">E   TypeError: TestAll.test_keywords_csv_read.&lt;locals&gt;.&lt;lambda&gt;() got an unexpected keyword argument 'encoding'</failure></testcase><testcase classname="backend.tests.unit.test_all.TestAll" name="test_get_geo_info_no_data" time="0.001"><failure message="TypeError: get_geo_info() takes 0 positional arguments but 1 was given">E   TypeError: get_geo_info() takes 0 positional arguments but 1 was given</failure></testcase><testcase classname="backend.tests.unit.test_all.TestAll" name="test_get_researcher_and_topic_results" time="0.000"><failure message="TypeError: get_subfield_results() got multiple values for argument 'page'">E   TypeError: get_subfield_results() got multiple values for argument 'page'</failure></testcase><testcase classname="backend.tests.unit.test_all.TestAll" name="test_get_institution_and_topic_results" time="0.000"><failure message="KeyError: 'subfield_metadata'">E   KeyError: 'subfield_metadata'</failure></testcase><testcase classname="backend.tests.unit.test_all.TestAll" name="test_get_researcher_and_institution_results" time="0.000" /><testcase classname="backend.tests.unit.test_all.TestAll" name="test_get_institution_researcher_subfield_results" time="0.000"><failure message="NameError: name 'get_institution_researcher_subfield_results' is not defined">E   NameError: name 'get_institution_researcher_subfield_results' is not defined</failure></testcase><testcase classname="backend.tests.unit.test_all.TestAll" name="test_get_institution_id_success" time="0.000" /><testcase classname="backend.tests.unit.test_all.TestAll" name="test_search_by_author_topic_success" time="0.000" /><testcase classname="backend.tests.unit.test_all.TestAll" name="test_get_subfield_results_success_variant" time="0.001"><failure message="AssertionError: assert 'SubfieldX' in 'Subfieldx'&#10; +  where 'Subfieldx' = &lt;built-in method get of dict object at 0x10787d940&gt;('name', 'SubfieldX')&#10; +    where &lt;built-in method get of dict object at 0x10787d940&gt; = {'cited_by_count': 20, 'name': 'Subfieldx', 'oa_link': 'http://subtest', 'researchers': 5, ...}.get">E   AssertionError: assert 'SubfieldX' in 'Subfieldx'
     +  where 'Subfieldx' = &lt;built-in method get of dict object at 0x10787d940&gt;('name', 'SubfieldX')
     +    where &lt;built-in method get of dict object at 0x10787d940&gt; = {'cited_by_count': 20, 'name': 'Subfieldx', 'oa_link': 'http://subtest', 'researchers': 5, ...}.get</failure></testcase><testcase classname="backend.tests.unit.test_all.TestAll" name="test_get_institution_researcher_subfield_results_multiple" time="0.000"><failure message="NameError: name 'get_institution_researcher_subfield_results' is not defined">E   NameError: name 'get_institution_researcher_subfield_results' is not defined</failure></testcase><testcase classname="backend.tests.unit.test_all.TestAll" name="test_get_researcher_and_institution_metadata_sparql" time="0.001" /><testcase classname="backend.tests.unit.test_all.TestAll" name="test_list_given_topic" time="0.056"><failure message="assert [('&quot;Californi...no&quot;', 7), ...] == [('InstK', 7)]&#10;  &#10;  At index 0 diff: #x1B[0m(#x1B[33m'#x1B[39;49;00m#x1B[33m&quot;#x1B[39;49;00m#x1B[33mCalifornia State University, Bakersfield#x1B[39;49;00m#x1B[33m&quot;#x1B[39;49;00m#x1B[33m'#x1B[39;49;00m, #x1B[94m7#x1B[39;49;00m)#x1B[90m#x1B[39;49;00m != #x1B[0m(#x1B[33m'#x1B[39;49;00m#x1B[33mInstK#x1B[39;49;00m#x1B[33m'#x1B[39;49;00m, #x1B[94m7#x1B[39;49;00m)#x1B[90m#x1B[39;49;00m&#10;  Left contains 1608 more items, first extra item: #x1B[0m(#x1B[33m'#x1B[39;49;00m#x1B[33m&quot;#x1B[39;49;00m#x1B[33mCalifornia State University, Channel Islands#x1B[39;49;00m#x1B[33m&quot;#x1B[39;49;00m#x1B[33m'#x1B[39;49;00m, #x1B[94m7#x1B[39;49;00m)#x1B[90m#x1B[39;49;00m&#10;  Use -v to get more diff">E   assert [('"Californi...no"', 7), ...] == [('InstK', 7)]
      
      At index 0 diff: #x1B[0m(#x1B[33m'#x1B[39;49;00m#x1B[33m"#x1B[39;49;00m#x1B[33mCalifornia State University, Bakersfield#x1B[39;49;00m#x1B[33m"#x1B[39;49;00m#x1B[33m'#x1B[39;49;00m, #x1B[94m7#x1B[39;49;00m)#x1B[90m#x1B[39;49;00m != #x1B[0m(#x1B[33m'#x1B[39;49;00m#x1B[33mInstK#x1B[39;49;00m#x1B[33m'#x1B[39;49;00m, #x1B[94m7#x1B[39;49;00m)#x1B[90m#x1B[39;49;00m
      Left contains 1608 more items, first extra item: #x1B[0m(#x1B[33m'#x1B[39;49;00m#x1B[33m"#x1B[39;49;00m#x1B[33mCalifornia State University, Channel Islands#x1B[39;49;00m#x1B[33m"#x1B[39;49;00m#x1B[33m'#x1B[39;49;00m, #x1B[94m7#x1B[39;49;00m)#x1B[90m#x1B[39;49;00m
      Use -v to get more diff</failure></testcase><testcase classname="backend.tests.unit.test_all.TestAll" name="test_list_given_institution_topic_work_count" time="0.000"><failure message="AttributeError: 'dict' object has no attribute 'count'">E   AttributeError: 'dict' object has no attribute 'count'</failure></testcase><testcase classname="backend.tests.unit.test_all.TestAll" name="test_list_given_researcher_institution_graph" time="0.001" /><testcase classname="backend.tests.unit.test_all.TestAll" name="test_get_topic_and_researcher_metadata_sparql_extra" time="0.001" /><testcase classname="backend.tests.unit.test_all.TestAll" name="test_list_given_researcher_topic_citation_count" time="0.000"><failure message="TypeError: int() argument must be a string, a bytes-like object or a real number, not 'dict'">E   TypeError: int() argument must be a string, a bytes-like object or a real number, not 'dict'</failure></testcase><testcase classname="backend.tests.unit.test_all.TestAll" name="test_list_given_researcher_topic_graph_nodes" time="0.000"><failure message="TypeError: int() argument must be a string, a bytes-like object or a real number, not 'dict'">E   TypeError: int() argument must be a string, a bytes-like object or a real number, not 'dict'</failure></testcase><testcase classname="backend.tests.unit.test_all.TestAll" name="test_list_given_researcher_topic_extra_metadata" time="0.000"><failure message="TypeError: int() argument must be a string, a bytes-like object or a real number, not 'dict'">E   TypeError: int() argument must be a string, a bytes-like object or a real number, not 'dict'</failure></testcase><testcase classname="backend.tests.unit.test_all.TestAll" name="test_query_SQL_endpoint_error" time="0.002"><failure message="Failed: DID NOT RAISE &lt;class 'Exception'&gt;">E   Failed: DID NOT RAISE &lt;class 'Exception'&gt;</failure></testcase><testcase classname="backend.tests.unit.test_all.TestAll" name="test_autofill_topics_filter" time="0.001" /><testcase classname="backend.tests.unit.test_all.TestAll" name="test_create_connection_success" time="0.001" /><testcase classname="backend.tests.unit.test_all.TestAll" name="test_get_institution_mup_id_success" time="0.000" /><testcase classname="backend.tests.unit.test_all.TestAll" name="test_get_institution_mup_id_no_inst" time="0.000" /><testcase classname="backend.tests.unit.test_all.TestAll" name="test_get_institution_sat_scores_not_found" time="0.000" /><testcase classname="backend.tests.unit.test_all.TestAll" name="test_get_institution_endowments_and_givings_success" time="0.000" /><testcase classname="backend.tests.unit.test_all.TestAll" name="test_get_institution_medical_expenses_no_mup" time="0.000" /><testcase classname="backend.tests.unit.test_all.TestAll" name="test_get_institution_doctorates_and_postdocs_success" time="0.000" /><testcase classname="backend.tests.unit.test_all.TestAll" name="test_get_institution_num_of_researches_success" time="0.000" /><testcase classname="backend.tests.unit.test_all.TestAll" name="test_get_institutions_faculty_awards_success" time="0.000" /><testcase classname="backend.tests.unit.test_all.TestAll" name="test_get_institutions_r_and_d_success" time="0.000" /><testcase classname="backend.tests.unit.test_all.TestAll" name="test_endpoint_missing_institution_name[/mup-sat-scores]" time="0.001"><failure message="assert b&quot;Missing 'institution_name'&quot; in b'&lt;!doctype html&gt;\n&lt;html lang=en&gt;\n&lt;title&gt;400 Bad Request&lt;/title&gt;\n&lt;h1&gt;Bad Request&lt;/h1&gt;\n&lt;p&gt;Missing &amp;#39;institution_name&amp;#39; in request data&lt;/p&gt;\n'&#10; +  where b'&lt;!doctype html&gt;\n&lt;html lang=en&gt;\n&lt;title&gt;400 Bad Request&lt;/title&gt;\n&lt;h1&gt;Bad Request&lt;/h1&gt;\n&lt;p&gt;Missing &amp;#39;institution_name&amp;#39; in request data&lt;/p&gt;\n' = &lt;WrapperTestResponse 141 bytes [400 BAD REQUEST]&gt;.data">E   assert b"Missing 'institution_name'" in b'&lt;!doctype html&gt;\n&lt;html lang=en&gt;\n&lt;title&gt;400 Bad Request&lt;/title&gt;\n&lt;h1&gt;Bad Request&lt;/h1&gt;\n&lt;p&gt;Missing &amp;#39;institution_name&amp;#39; in request data&lt;/p&gt;\n'
     +  where b'&lt;!doctype html&gt;\n&lt;html lang=en&gt;\n&lt;title&gt;400 Bad Request&lt;/title&gt;\n&lt;h1&gt;Bad Request&lt;/h1&gt;\n&lt;p&gt;Missing &amp;#39;institution_name&amp;#39; in request data&lt;/p&gt;\n' = &lt;WrapperTestResponse 141 bytes [400 BAD REQUEST]&gt;.data</failure></testcase><testcase classname="backend.tests.unit.test_all.TestAll" name="test_endpoint_missing_institution_name[/endowments-and-givings]" time="0.001"><failure message="assert b&quot;Missing 'institution_name'&quot; in b'&lt;!doctype html&gt;\n&lt;html lang=en&gt;\n&lt;title&gt;400 Bad Request&lt;/title&gt;\n&lt;h1&gt;Bad Request&lt;/h1&gt;\n&lt;p&gt;Missing &amp;#39;institution_name&amp;#39; in request data&lt;/p&gt;\n'&#10; +  where b'&lt;!doctype html&gt;\n&lt;html lang=en&gt;\n&lt;title&gt;400 Bad Request&lt;/title&gt;\n&lt;h1&gt;Bad Request&lt;/h1&gt;\n&lt;p&gt;Missing &amp;#39;institution_name&amp;#39; in request data&lt;/p&gt;\n' = &lt;WrapperTestResponse 141 bytes [400 BAD REQUEST]&gt;.data">E   assert b"Missing 'institution_name'" in b'&lt;!doctype html&gt;\n&lt;html lang=en&gt;\n&lt;title&gt;400 Bad Request&lt;/title&gt;\n&lt;h1&gt;Bad Request&lt;/h1&gt;\n&lt;p&gt;Missing &amp;#39;institution_name&amp;#39; in request data&lt;/p&gt;\n'
     +  where b'&lt;!doctype html&gt;\n&lt;html lang=en&gt;\n&lt;title&gt;400 Bad Request&lt;/title&gt;\n&lt;h1&gt;Bad Request&lt;/h1&gt;\n&lt;p&gt;Missing &amp;#39;institution_name&amp;#39; in request data&lt;/p&gt;\n' = &lt;WrapperTestResponse 141 bytes [400 BAD REQUEST]&gt;.data</failure></testcase><testcase classname="backend.tests.unit.test_all.TestAll" name="test_endpoint_missing_institution_name[/mup-faculty-awards]" time="0.001"><failure message="assert b&quot;Missing 'institution_name'&quot; in b'&lt;!doctype html&gt;\n&lt;html lang=en&gt;\n&lt;title&gt;400 Bad Request&lt;/title&gt;\n&lt;h1&gt;Bad Request&lt;/h1&gt;\n&lt;p&gt;Missing &amp;#39;institution_name&amp;#39; in request data&lt;/p&gt;\n'&#10; +  where b'&lt;!doctype html&gt;\n&lt;html lang=en&gt;\n&lt;title&gt;400 Bad Request&lt;/title&gt;\n&lt;h1&gt;Bad Request&lt;/h1&gt;\n&lt;p&gt;Missing &amp;#39;institution_name&amp;#39; in request data&lt;/p&gt;\n' = &lt;WrapperTestResponse 141 bytes [400 BAD REQUEST]&gt;.data">E   assert b"Missing 'institution_name'" in b'&lt;!doctype html&gt;\n&lt;html lang=en&gt;\n&lt;title&gt;400 Bad Request&lt;/title&gt;\n&lt;h1&gt;Bad Request&lt;/h1&gt;\n&lt;p&gt;Missing &amp;#39;institution_name&amp;#39; in request data&lt;/p&gt;\n'
     +  where b'&lt;!doctype html&gt;\n&lt;html lang=en&gt;\n&lt;title&gt;400 Bad Request&lt;/title&gt;\n&lt;h1&gt;Bad Request&lt;/h1&gt;\n&lt;p&gt;Missing &amp;#39;institution_name&amp;#39; in request data&lt;/p&gt;\n' = &lt;WrapperTestResponse 141 bytes [400 BAD REQUEST]&gt;.data</failure></testcase><testcase classname="backend.tests.unit.test_all.TestAll" name="test_endpoint_missing_institution_name[/mup-r-and-d]" time="0.001"><failure message="assert b&quot;Missing 'institution_name'&quot; in b'&lt;!doctype html&gt;\n&lt;html lang=en&gt;\n&lt;title&gt;400 Bad Request&lt;/title&gt;\n&lt;h1&gt;Bad Request&lt;/h1&gt;\n&lt;p&gt;Missing &amp;#39;institution_name&amp;#39; in request data&lt;/p&gt;\n'&#10; +  where b'&lt;!doctype html&gt;\n&lt;html lang=en&gt;\n&lt;title&gt;400 Bad Request&lt;/title&gt;\n&lt;h1&gt;Bad Request&lt;/h1&gt;\n&lt;p&gt;Missing &amp;#39;institution_name&amp;#39; in request data&lt;/p&gt;\n' = &lt;WrapperTestResponse 141 bytes [400 BAD REQUEST]&gt;.data">E   assert b"Missing 'institution_name'" in b'&lt;!doctype html&gt;\n&lt;html lang=en&gt;\n&lt;title&gt;400 Bad Request&lt;/title&gt;\n&lt;h1&gt;Bad Request&lt;/h1&gt;\n&lt;p&gt;Missing &amp;#39;institution_name&amp;#39; in request data&lt;/p&gt;\n'
     +  where b'&lt;!doctype html&gt;\n&lt;html lang=en&gt;\n&lt;title&gt;400 Bad Request&lt;/title&gt;\n&lt;h1&gt;Bad Request&lt;/h1&gt;\n&lt;p&gt;Missing &amp;#39;institution_name&amp;#39; in request data&lt;/p&gt;\n' = &lt;WrapperTestResponse 141 bytes [400 BAD REQUEST]&gt;.data</failure></testcase><testcase classname="backend.tests.unit.test_all.TestAll" name="test_serve_route_static_file_all" time="0.001" /><testcase classname="backend.tests.unit.test_all.TestAll" name="test_serve_route_index_fallback_all" time="0.001" /><testcase classname="backend.tests.unit.test_app_unit_extra" name="test_env_variables" time="0.000"><failure message="NameError: name 'DB_PORT' is not defined">E   NameError: name 'DB_PORT' is not defined</failure></testcase><testcase classname="backend.tests.unit.test_app_unit_extra" name="test_get_institution_id_no_result" time="0.001" /><testcase classname="backend.tests.unit.test_app_unit_extra" name="test_search_by_author_institution_topic_no_result" time="0.001" /><testcase classname="backend.tests.unit.test_app_unit_extra" name="test_search_by_author_institution_no_result" time="0.002" /><testcase classname="backend.tests.unit.test_app_unit_extra" name="test_search_by_institution_topic_no_result" time="0.001" /><testcase classname="backend.tests.unit.test_app_unit_extra" name="test_search_by_author_topic_no_result" time="0.001" /><testcase classname="backend.tests.unit.test_app_unit_extra" name="test_search_by_institution_no_result" time="0.001" /><testcase classname="backend.tests.unit.test_app_unit_extra" name="test_search_by_author_no_result" time="0.001" /><testcase classname="backend.tests.unit.test_app_unit_extra" name="test_keywords_csv_read" time="0.000"><failure message="ImportError: cannot import name 'autofill_topics_list' from 'backend.app' (/Users/deangladish/CollabNext_public/backend/app.py)">E   ImportError: cannot import name 'autofill_topics_list' from 'backend.app' (/Users/deangladish/CollabNext_public/backend/app.py)</failure></testcase><testcase classname="backend.tests.unit.test_app_unit_extra" name="test_get_geo_info_no_data" time="0.001"><failure message="RuntimeError: Working outside of request context.&#10;&#10;This typically means that you attempted to use functionality that needed&#10;an active HTTP request. Consult the documentation on testing for&#10;information about how to avoid this problem.">E   RuntimeError: Working outside of request context.
    
    This typically means that you attempted to use functionality that needed
    an active HTTP request. Consult the documentation on testing for
    information about how to avoid this problem.</failure></testcase><testcase classname="backend.tests.unit.test_app_unit_extra" name="test_get_researcher_result_with_last" time="0.000"><failure message="UnboundLocalError: local variable 'institution_url' referenced before assignment">E   UnboundLocalError: local variable 'institution_url' referenced before assignment</failure></testcase><testcase classname="backend.tests.unit.test_app_unit_extra" name="test_get_researcher_result_without_last" time="0.001"><failure message="UnboundLocalError: local variable 'institution_url' referenced before assignment">E   UnboundLocalError: local variable 'institution_url' referenced before assignment</failure></testcase><testcase classname="backend.tests.unit.test_app_unit_extra" name="test_get_institution_results" time="0.000" /><testcase classname="backend.tests.unit.test_app_unit_extra" name="test_get_subfield_results" time="0.000" /><testcase classname="backend.tests.unit.test_app_unit_extra" name="test_get_researcher_and_subfield_results_fallback" time="0.000" /><testcase classname="backend.tests.unit.test_app_unit_extra" name="test_get_institution_and_subfield_results_fallback" time="0.000" /><testcase classname="backend.tests.unit.test_app_unit_extra" name="test_get_institution_and_subfield_results" time="0.000"><failure message="KeyError: 'author_id'">E   KeyError: 'author_id'</failure></testcase><testcase classname="backend.tests.unit.test_app_unit_extra" name="test_get_institution_and_researcher_results_fallback" time="0.000"><failure message="KeyError: 'researcher_oa_link'">E   KeyError: 'researcher_oa_link'</failure></testcase><testcase classname="backend.tests.unit.test_app_unit_extra" name="test_get_institution_researcher_subfield_results_fallback" time="0.000"><failure message="NameError: name 'get_institution_researcher_subfield_results' is not defined">E   NameError: name 'get_institution_researcher_subfield_results' is not defined</failure></testcase><testcase classname="backend.tests.unit.test_app_unit_extra" name="test_get_institution_researcher_subfield_results" time="0.000"><failure message="NameError: name 'get_institution_researcher_subfield_results' is not defined">E   NameError: name 'get_institution_researcher_subfield_results' is not defined</failure></testcase><testcase classname="backend.tests.unit.test_app_unit_extra" name="test_get_researcher_and_institution_metadata_sparql" time="0.001"><failure message="NameError: name 'get_researcher_and_institution_metadata_sparql' is not defined">E   NameError: name 'get_researcher_and_institution_metadata_sparql' is not defined</failure></testcase><testcase classname="backend.tests.unit.test_app_unit_extra" name="test_list_given_topic" time="0.019"><failure message="assert [('&quot;Californi...no&quot;', 7), ...] == [('InstK', 7)]&#10;  &#10;  At index 0 diff: #x1B[0m(#x1B[33m'#x1B[39;49;00m#x1B[33m&quot;#x1B[39;49;00m#x1B[33mCalifornia State University, Bakersfield#x1B[39;49;00m#x1B[33m&quot;#x1B[39;49;00m#x1B[33m'#x1B[39;49;00m, #x1B[94m7#x1B[39;49;00m)#x1B[90m#x1B[39;49;00m != #x1B[0m(#x1B[33m'#x1B[39;49;00m#x1B[33mInstK#x1B[39;49;00m#x1B[33m'#x1B[39;49;00m, #x1B[94m7#x1B[39;49;00m)#x1B[90m#x1B[39;49;00m&#10;  Left contains 1608 more items, first extra item: #x1B[0m(#x1B[33m'#x1B[39;49;00m#x1B[33m&quot;#x1B[39;49;00m#x1B[33mCalifornia State University, Channel Islands#x1B[39;49;00m#x1B[33m&quot;#x1B[39;49;00m#x1B[33m'#x1B[39;49;00m, #x1B[94m7#x1B[39;49;00m)#x1B[90m#x1B[39;49;00m&#10;  Use -v to get more diff">E   assert [('"Californi...no"', 7), ...] == [('InstK', 7)]
      
      At index 0 diff: #x1B[0m(#x1B[33m'#x1B[39;49;00m#x1B[33m"#x1B[39;49;00m#x1B[33mCalifornia State University, Bakersfield#x1B[39;49;00m#x1B[33m"#x1B[39;49;00m#x1B[33m'#x1B[39;49;00m, #x1B[94m7#x1B[39;49;00m)#x1B[90m#x1B[39;49;00m != #x1B[0m(#x1B[33m'#x1B[39;49;00m#x1B[33mInstK#x1B[39;49;00m#x1B[33m'#x1B[39;49;00m, #x1B[94m7#x1B[39;49;00m)#x1B[90m#x1B[39;49;00m
      Left contains 1608 more items, first extra item: #x1B[0m(#x1B[33m'#x1B[39;49;00m#x1B[33m"#x1B[39;49;00m#x1B[33mCalifornia State University, Channel Islands#x1B[39;49;00m#x1B[33m"#x1B[39;49;00m#x1B[33m'#x1B[39;49;00m, #x1B[94m7#x1B[39;49;00m)#x1B[90m#x1B[39;49;00m
      Use -v to get more diff</failure></testcase><testcase classname="backend.tests.unit.test_app_unit_extra" name="test_list_given_institution_topic_work_count" time="0.002"><failure message="AttributeError: 'dict' object has no attribute 'count'">E   AttributeError: 'dict' object has no attribute 'count'</failure></testcase><testcase classname="backend.tests.unit.test_app_unit_extra" name="test_list_given_researcher_institution_graph" time="0.008" /><testcase classname="backend.tests.unit.test_app_unit_extra" name="test_get_topic_and_researcher_metadata_sparql" time="0.002" /><testcase classname="backend.tests.unit.test_app_unit_extra" name="test_list_given_researcher_topic_citation_count" time="0.003"><failure message="NameError: name 'list_given_researcher_topic' is not defined">E   NameError: name 'list_given_researcher_topic' is not defined</failure></testcase><testcase classname="backend.tests.unit.test_app_unit_extra" name="test_list_given_researcher_topic_graph_nodes" time="0.000"><failure message="NameError: name 'list_given_researcher_topic' is not defined">E   NameError: name 'list_given_researcher_topic' is not defined</failure></testcase><testcase classname="backend.tests.unit.test_app_unit_extra" name="test_list_given_researcher_topic_extra_metadata" time="0.001"><failure message="NameError: name 'list_given_researcher_topic' is not defined">E   NameError: name 'list_given_researcher_topic' is not defined</failure></testcase><testcase classname="backend.tests.unit.test_app_unit_extra" name="test_query_SQL_endpoint_error" time="0.016"><failure message="Failed: DID NOT RAISE &lt;class 'Exception'&gt;">E   Failed: DID NOT RAISE &lt;class 'Exception'&gt;</failure></testcase><testcase classname="backend.tests.unit.test_app_unit_extra" name="test_autofill_topics_filter" time="0.000"><error message="failed on setup with &quot;file /Users/deangladish/CollabNext_public/backend/tests/unit/test_app_unit_extra.py, line 550&#10;  def test_autofill_topics_filter(client):&#10;E       fixture 'client' not found&#10;&gt;       available fixtures: anyio_backend, anyio_backend_name, anyio_backend_options, cache, capfd, capfdbinary, caplog, capsys, capsysbinary, class_mocker, cov, doctest_namespace, mocker, module_mocker, monkeypatch, no_cover, package_mocker, pg_connection, pg_cursor, pytestconfig, record_property, record_testsuite_property, record_xml_attribute, recwarn, requests_mock, session_mocker, tmp_path, tmp_path_factory, tmpdir, tmpdir_factory&#10;&gt;       use 'pytest --fixtures [testpath]' for help on them.&#10;&#10;/Users/deangladish/CollabNext_public/backend/tests/unit/test_app_unit_extra.py:550&quot;">file /Users/deangladish/CollabNext_public/backend/tests/unit/test_app_unit_extra.py, line 550
  def test_autofill_topics_filter(client):
E       fixture 'client' not found
&gt;       available fixtures: anyio_backend, anyio_backend_name, anyio_backend_options, cache, capfd, capfdbinary, caplog, capsys, capsysbinary, class_mocker, cov, doctest_namespace, mocker, module_mocker, monkeypatch, no_cover, package_mocker, pg_connection, pg_cursor, pytestconfig, record_property, record_testsuite_property, record_xml_attribute, recwarn, requests_mock, session_mocker, tmp_path, tmp_path_factory, tmpdir, tmpdir_factory
&gt;       use 'pytest --fixtures [testpath]' for help on them.

/Users/deangladish/CollabNext_public/backend/tests/unit/test_app_unit_extra.py:550</error></testcase><testcase classname="backend.tests.unit.test_app_unit_extra" name="test_create_connection_success" time="0.001" /><testcase classname="backend.tests.unit.test_app_unit_extra" name="test_get_institution_mup_id_success" time="0.001" /><testcase classname="backend.tests.unit.test_app_unit_extra" name="test_get_institution_mup_id_no_inst" time="0.000" /><testcase classname="backend.tests.unit.test_app_unit_extra" name="test_get_institution_sat_scores_not_found" time="0.000" /><testcase classname="backend.tests.unit.test_app_unit_extra" name="test_get_institution_endowments_and_givings_success" time="0.000" /><testcase classname="backend.tests.unit.test_app_unit_extra" name="test_get_institution_medical_expenses_no_mup" time="0.000" /><testcase classname="backend.tests.unit.test_app_unit_extra" name="test_get_institution_doctorates_and_postdocs_success" time="0.000" /><testcase classname="backend.tests.unit.test_app_unit_extra" name="test_get_institution_num_of_researches_success" time="0.000" /><testcase classname="backend.tests.unit.test_app_unit_extra" name="test_get_institutions_faculty_awards_success" time="0.000" /><testcase classname="backend.tests.unit.test_app_unit_extra" name="test_get_institutions_r_and_d_success" time="0.000" /><testcase classname="backend.tests.unit.test_app_unit_extra" name="test_endpoint_missing_institution_name[/mup-sat-scores]" time="0.000"><error message="failed on setup with &quot;file /Users/deangladish/CollabNext_public/backend/tests/unit/test_app_unit_extra.py, line 685&#10;  @pytest.mark.parametrize(&quot;endpoint&quot;, [&#10;      &quot;/mup-sat-scores&quot;,&#10;      &quot;/endowments-and-givings&quot;,&#10;      &quot;/mup-faculty-awards&quot;,&#10;      &quot;/mup-r-and-d&quot;&#10;  ])&#10;  def test_endpoint_missing_institution_name(client, endpoint):&#10;E       fixture 'client' not found&#10;&gt;       available fixtures: anyio_backend, anyio_backend_name, anyio_backend_options, cache, capfd, capfdbinary, caplog, capsys, capsysbinary, class_mocker, cov, doctest_namespace, mocker, module_mocker, monkeypatch, no_cover, package_mocker, pg_connection, pg_cursor, pytestconfig, record_property, record_testsuite_property, record_xml_attribute, recwarn, requests_mock, session_mocker, tmp_path, tmp_path_factory, tmpdir, tmpdir_factory&#10;&gt;       use 'pytest --fixtures [testpath]' for help on them.&#10;&#10;/Users/deangladish/CollabNext_public/backend/tests/unit/test_app_unit_extra.py:685&quot;">file /Users/deangladish/CollabNext_public/backend/tests/unit/test_app_unit_extra.py, line 685
  @pytest.mark.parametrize("endpoint", [
      "/mup-sat-scores",
      "/endowments-and-givings",
      "/mup-faculty-awards",
      "/mup-r-and-d"
  ])
  def test_endpoint_missing_institution_name(client, endpoint):
E       fixture 'client' not found
&gt;       available fixtures: anyio_backend, anyio_backend_name, anyio_backend_options, cache, capfd, capfdbinary, caplog, capsys, capsysbinary, class_mocker, cov, doctest_namespace, mocker, module_mocker, monkeypatch, no_cover, package_mocker, pg_connection, pg_cursor, pytestconfig, record_property, record_testsuite_property, record_xml_attribute, recwarn, requests_mock, session_mocker, tmp_path, tmp_path_factory, tmpdir, tmpdir_factory
&gt;       use 'pytest --fixtures [testpath]' for help on them.

/Users/deangladish/CollabNext_public/backend/tests/unit/test_app_unit_extra.py:685</error></testcase><testcase classname="backend.tests.unit.test_app_unit_extra" name="test_endpoint_missing_institution_name[/endowments-and-givings]" time="0.000"><error message="failed on setup with &quot;file /Users/deangladish/CollabNext_public/backend/tests/unit/test_app_unit_extra.py, line 685&#10;  @pytest.mark.parametrize(&quot;endpoint&quot;, [&#10;      &quot;/mup-sat-scores&quot;,&#10;      &quot;/endowments-and-givings&quot;,&#10;      &quot;/mup-faculty-awards&quot;,&#10;      &quot;/mup-r-and-d&quot;&#10;  ])&#10;  def test_endpoint_missing_institution_name(client, endpoint):&#10;E       fixture 'client' not found&#10;&gt;       available fixtures: anyio_backend, anyio_backend_name, anyio_backend_options, cache, capfd, capfdbinary, caplog, capsys, capsysbinary, class_mocker, cov, doctest_namespace, mocker, module_mocker, monkeypatch, no_cover, package_mocker, pg_connection, pg_cursor, pytestconfig, record_property, record_testsuite_property, record_xml_attribute, recwarn, requests_mock, session_mocker, tmp_path, tmp_path_factory, tmpdir, tmpdir_factory&#10;&gt;       use 'pytest --fixtures [testpath]' for help on them.&#10;&#10;/Users/deangladish/CollabNext_public/backend/tests/unit/test_app_unit_extra.py:685&quot;">file /Users/deangladish/CollabNext_public/backend/tests/unit/test_app_unit_extra.py, line 685
  @pytest.mark.parametrize("endpoint", [
      "/mup-sat-scores",
      "/endowments-and-givings",
      "/mup-faculty-awards",
      "/mup-r-and-d"
  ])
  def test_endpoint_missing_institution_name(client, endpoint):
E       fixture 'client' not found
&gt;       available fixtures: anyio_backend, anyio_backend_name, anyio_backend_options, cache, capfd, capfdbinary, caplog, capsys, capsysbinary, class_mocker, cov, doctest_namespace, mocker, module_mocker, monkeypatch, no_cover, package_mocker, pg_connection, pg_cursor, pytestconfig, record_property, record_testsuite_property, record_xml_attribute, recwarn, requests_mock, session_mocker, tmp_path, tmp_path_factory, tmpdir, tmpdir_factory
&gt;       use 'pytest --fixtures [testpath]' for help on them.

/Users/deangladish/CollabNext_public/backend/tests/unit/test_app_unit_extra.py:685</error></testcase><testcase classname="backend.tests.unit.test_app_unit_extra" name="test_endpoint_missing_institution_name[/mup-faculty-awards]" time="0.000"><error message="failed on setup with &quot;file /Users/deangladish/CollabNext_public/backend/tests/unit/test_app_unit_extra.py, line 685&#10;  @pytest.mark.parametrize(&quot;endpoint&quot;, [&#10;      &quot;/mup-sat-scores&quot;,&#10;      &quot;/endowments-and-givings&quot;,&#10;      &quot;/mup-faculty-awards&quot;,&#10;      &quot;/mup-r-and-d&quot;&#10;  ])&#10;  def test_endpoint_missing_institution_name(client, endpoint):&#10;E       fixture 'client' not found&#10;&gt;       available fixtures: anyio_backend, anyio_backend_name, anyio_backend_options, cache, capfd, capfdbinary, caplog, capsys, capsysbinary, class_mocker, cov, doctest_namespace, mocker, module_mocker, monkeypatch, no_cover, package_mocker, pg_connection, pg_cursor, pytestconfig, record_property, record_testsuite_property, record_xml_attribute, recwarn, requests_mock, session_mocker, tmp_path, tmp_path_factory, tmpdir, tmpdir_factory&#10;&gt;       use 'pytest --fixtures [testpath]' for help on them.&#10;&#10;/Users/deangladish/CollabNext_public/backend/tests/unit/test_app_unit_extra.py:685&quot;">file /Users/deangladish/CollabNext_public/backend/tests/unit/test_app_unit_extra.py, line 685
  @pytest.mark.parametrize("endpoint", [
      "/mup-sat-scores",
      "/endowments-and-givings",
      "/mup-faculty-awards",
      "/mup-r-and-d"
  ])
  def test_endpoint_missing_institution_name(client, endpoint):
E       fixture 'client' not found
&gt;       available fixtures: anyio_backend, anyio_backend_name, anyio_backend_options, cache, capfd, capfdbinary, caplog, capsys, capsysbinary, class_mocker, cov, doctest_namespace, mocker, module_mocker, monkeypatch, no_cover, package_mocker, pg_connection, pg_cursor, pytestconfig, record_property, record_testsuite_property, record_xml_attribute, recwarn, requests_mock, session_mocker, tmp_path, tmp_path_factory, tmpdir, tmpdir_factory
&gt;       use 'pytest --fixtures [testpath]' for help on them.

/Users/deangladish/CollabNext_public/backend/tests/unit/test_app_unit_extra.py:685</error></testcase><testcase classname="backend.tests.unit.test_app_unit_extra" name="test_endpoint_missing_institution_name[/mup-r-and-d]" time="0.000"><error message="failed on setup with &quot;file /Users/deangladish/CollabNext_public/backend/tests/unit/test_app_unit_extra.py, line 685&#10;  @pytest.mark.parametrize(&quot;endpoint&quot;, [&#10;      &quot;/mup-sat-scores&quot;,&#10;      &quot;/endowments-and-givings&quot;,&#10;      &quot;/mup-faculty-awards&quot;,&#10;      &quot;/mup-r-and-d&quot;&#10;  ])&#10;  def test_endpoint_missing_institution_name(client, endpoint):&#10;E       fixture 'client' not found&#10;&gt;       available fixtures: anyio_backend, anyio_backend_name, anyio_backend_options, cache, capfd, capfdbinary, caplog, capsys, capsysbinary, class_mocker, cov, doctest_namespace, mocker, module_mocker, monkeypatch, no_cover, package_mocker, pg_connection, pg_cursor, pytestconfig, record_property, record_testsuite_property, record_xml_attribute, recwarn, requests_mock, session_mocker, tmp_path, tmp_path_factory, tmpdir, tmpdir_factory&#10;&gt;       use 'pytest --fixtures [testpath]' for help on them.&#10;&#10;/Users/deangladish/CollabNext_public/backend/tests/unit/test_app_unit_extra.py:685&quot;">file /Users/deangladish/CollabNext_public/backend/tests/unit/test_app_unit_extra.py, line 685
  @pytest.mark.parametrize("endpoint", [
      "/mup-sat-scores",
      "/endowments-and-givings",
      "/mup-faculty-awards",
      "/mup-r-and-d"
  ])
  def test_endpoint_missing_institution_name(client, endpoint):
E       fixture 'client' not found
&gt;       available fixtures: anyio_backend, anyio_backend_name, anyio_backend_options, cache, capfd, capfdbinary, caplog, capsys, capsysbinary, class_mocker, cov, doctest_namespace, mocker, module_mocker, monkeypatch, no_cover, package_mocker, pg_connection, pg_cursor, pytestconfig, record_property, record_testsuite_property, record_xml_attribute, recwarn, requests_mock, session_mocker, tmp_path, tmp_path_factory, tmpdir, tmpdir_factory
&gt;       use 'pytest --fixtures [testpath]' for help on them.

/Users/deangladish/CollabNext_public/backend/tests/unit/test_app_unit_extra.py:685</error></testcase><testcase classname="backend.tests.unit.test_app_unit_extra" name="test_serve_route_static_file" time="0.000"><error message="failed on setup with &quot;file /Users/deangladish/CollabNext_public/backend/tests/unit/test_app_unit_extra.py, line 700&#10;  def test_serve_route_static_file(client, monkeypatch):&#10;E       fixture 'client' not found&#10;&gt;       available fixtures: anyio_backend, anyio_backend_name, anyio_backend_options, cache, capfd, capfdbinary, caplog, capsys, capsysbinary, class_mocker, cov, doctest_namespace, mocker, module_mocker, monkeypatch, no_cover, package_mocker, pg_connection, pg_cursor, pytestconfig, record_property, record_testsuite_property, record_xml_attribute, recwarn, requests_mock, session_mocker, tmp_path, tmp_path_factory, tmpdir, tmpdir_factory&#10;&gt;       use 'pytest --fixtures [testpath]' for help on them.&#10;&#10;/Users/deangladish/CollabNext_public/backend/tests/unit/test_app_unit_extra.py:700&quot;">file /Users/deangladish/CollabNext_public/backend/tests/unit/test_app_unit_extra.py, line 700
  def test_serve_route_static_file(client, monkeypatch):
E       fixture 'client' not found
&gt;       available fixtures: anyio_backend, anyio_backend_name, anyio_backend_options, cache, capfd, capfdbinary, caplog, capsys, capsysbinary, class_mocker, cov, doctest_namespace, mocker, module_mocker, monkeypatch, no_cover, package_mocker, pg_connection, pg_cursor, pytestconfig, record_property, record_testsuite_property, record_xml_attribute, recwarn, requests_mock, session_mocker, tmp_path, tmp_path_factory, tmpdir, tmpdir_factory
&gt;       use 'pytest --fixtures [testpath]' for help on them.

/Users/deangladish/CollabNext_public/backend/tests/unit/test_app_unit_extra.py:700</error></testcase><testcase classname="backend.tests.unit.test_app_unit_extra" name="test_serve_route_index_fallback" time="0.000"><error message="failed on setup with &quot;file /Users/deangladish/CollabNext_public/backend/tests/unit/test_app_unit_extra.py, line 709&#10;  def test_serve_route_index_fallback(client, monkeypatch):&#10;E       fixture 'client' not found&#10;&gt;       available fixtures: anyio_backend, anyio_backend_name, anyio_backend_options, cache, capfd, capfdbinary, caplog, capsys, capsysbinary, class_mocker, cov, doctest_namespace, mocker, module_mocker, monkeypatch, no_cover, package_mocker, pg_connection, pg_cursor, pytestconfig, record_property, record_testsuite_property, record_xml_attribute, recwarn, requests_mock, session_mocker, tmp_path, tmp_path_factory, tmpdir, tmpdir_factory&#10;&gt;       use 'pytest --fixtures [testpath]' for help on them.&#10;&#10;/Users/deangladish/CollabNext_public/backend/tests/unit/test_app_unit_extra.py:709&quot;">file /Users/deangladish/CollabNext_public/backend/tests/unit/test_app_unit_extra.py, line 709
  def test_serve_route_index_fallback(client, monkeypatch):
E       fixture 'client' not found
&gt;       available fixtures: anyio_backend, anyio_backend_name, anyio_backend_options, cache, capfd, capfdbinary, caplog, capsys, capsysbinary, class_mocker, cov, doctest_namespace, mocker, module_mocker, monkeypatch, no_cover, package_mocker, pg_connection, pg_cursor, pytestconfig, record_property, record_testsuite_property, record_xml_attribute, recwarn, requests_mock, session_mocker, tmp_path, tmp_path_factory, tmpdir, tmpdir_factory
&gt;       use 'pytest --fixtures [testpath]' for help on them.

/Users/deangladish/CollabNext_public/backend/tests/unit/test_app_unit_extra.py:709</error></testcase><testcase classname="backend.tests.unit.test_external_services" name="test_fetch_institutions_handles_http_error" time="0.002" /><testcase classname="backend.tests.unit.test_external_services" name="test_fetch_institutions_status_codes[Success]" time="0.001" /><testcase classname="backend.tests.unit.test_external_services" name="test_fetch_institutions_status_codes[NotFound]" time="0.001" /><testcase classname="backend.tests.unit.test_external_services" name="test_fetch_institutions_status_codes[ServerError]" time="0.002" /><testcase classname="backend.tests.unit.test_external_services" name="test_fetch_institutions_responses_multiple" time="0.003" /><testcase classname="backend.tests.unit.test_external_services" name="test_fetch_institutions_malformed_id" time="0.195" /><testcase classname="backend.tests.unit.test_external_services" name="test_fetch_institutions_non_numeric" time="0.198" /><testcase classname="backend.tests.unit.test_external_services" name="test_fetch_last_known_institutions_non_200" time="0.005"><failure message="AssertionError: assert &lt;MagicMock na...='5004340832'&gt; == []&#10;  &#10;  Use -v to get more diff">E   AssertionError: assert &lt;MagicMock na...='5004340832'&gt; == []
      
      Use -v to get more diff</failure></testcase><testcase classname="backend.tests.unit.test_external_services" name="test_query_SPARQL_endpoint_success" time="0.004" /><testcase classname="backend.tests.unit.test_external_services" name="test_query_SPARQL_endpoint_failure" time="0.002" /><testcase classname="backend.tests.unit.test_external_services" name="test_get_institution_metadata_sparql_no_results" time="0.002" /><testcase classname="backend.tests.unit.test_external_services" name="test_get_institution_metadata_sparql_valid" time="0.475" /><testcase classname="backend.tests.unit.test_external_services" name="test_get_author_metadata_sparql_no_results" time="0.002" /><testcase classname="backend.tests.unit.test_external_services" name="test_get_author_metadata_sparql_valid" time="0.001" /><testcase classname="backend.tests.unit.test_external_services" name="test_get_topic_and_researcher_metadata_sparql" time="0.200"><failure message="Failed: IndexError on subfield metadata; skipping.">E   IndexError: list index out of range

During handling of the above exception, another exception occurred:
E   Failed: IndexError on subfield metadata; skipping.</failure></testcase><testcase classname="backend.tests.unit.test_external_services" name="test_get_institution_and_topic_metadata_sparql" time="0.003"><failure message="Failed: KeyError for 'workscount' or other fields; skipping.">E   KeyError: 'workscount'

During handling of the above exception, another exception occurred:
E   Failed: KeyError for 'workscount' or other fields; skipping.</failure></testcase><testcase classname="backend.tests.unit.test_external_services" name="test_get_institution_and_topic_and_researcher_metadata_sparql" time="0.665" /><testcase classname="backend.tests.unit.test_external_services" name="test_query_SPARQL_endpoint_malformed_response" time="0.007" /><testcase classname="backend.tests.unit.test_external_services" name="test_query_SPARQL_endpoint_empty_bindings" time="0.004" /><testcase classname="backend.tests.unit.test_external_services" name="test_query_SPARQL_endpoint_json_decode_error" time="0.003" /><testcase classname="backend.tests.unit.test_logging" name="test_logger_setup[InfoLog]" time="0.001" /><testcase classname="backend.tests.unit.test_logging" name="test_logger_setup[WarningLog]" time="0.001" /><testcase classname="backend.tests.unit.test_logging" name="test_flask_app_logging[WarningCase]" time="0.001" /><testcase classname="backend.tests.unit.test_logging" name="test_flask_app_logging[InfoCase]" time="0.001" /><testcase classname="backend.tests.unit.test_logging" name="test_setup_logger_has_all_handlers" time="0.009" /><testcase classname="backend.tests.unit.test_search" name="test_initial_search_null_values" time="0.001"><failure message="AttributeError: 'NoneType' object has no attribute 'title'">E   AttributeError: 'NoneType' object has no attribute 'title'</failure></testcase><testcase classname="backend.tests.unit.test_search" name="test_initial_search_empty_or_whitespace[AllEmptyStrings]" time="0.004" /><testcase classname="backend.tests.unit.test_search" name="test_initial_search_empty_or_whitespace[AllSpaces]" time="0.678" /><testcase classname="backend.tests.unit.test_search" name="test_initial_search_partially_null[OrgOnly]" time="0.002"><failure message="AttributeError: 'NoneType' object has no attribute 'title'">E   AttributeError: 'NoneType' object has no attribute 'title'</failure></testcase><testcase classname="backend.tests.unit.test_search" name="test_initial_search_partially_null[ResearcherOnly]" time="0.672" /><testcase classname="backend.tests.unit.test_search" name="test_initial_search_partially_null[OrgType]" time="0.410" /><testcase classname="backend.tests.unit.test_search" name="test_initial_search_invalid_types[AllNumbers]" time="0.002"><failure message="AttributeError: 'int' object has no attribute 'title'">E   AttributeError: 'int' object has no attribute 'title'</failure></testcase><testcase classname="backend.tests.unit.test_search" name="test_initial_search_invalid_types[MixedTypes]" time="0.002"><failure message="AttributeError: 'dict' object has no attribute 'title'">E   AttributeError: 'dict' object has no attribute 'title'</failure></testcase><testcase classname="backend.tests.unit.test_search" name="test_initial_search_extremely_long_strings" time="0.604" /><testcase classname="backend.tests.unit.test_search" name="test_initial_search_no_payload" time="0.002" /><testcase classname="backend.tests.unit.test_search" name="test_initial_search_special_chars" time="0.429" /><testcase classname="backend.tests.unit.test_search" name="test_initial_search_unknown_type" time="0.658" /><testcase classname="backend.tests.unit.test_search" name="test_initial_search_numeric_topic" time="0.620" /><testcase classname="backend.tests.unit.test_search" name="test_initial_search_all_fields_invalid[CompletelyEmpty]" time="0.003"><failure message="AttributeError: 'NoneType' object has no attribute 'title'">E   AttributeError: 'NoneType' object has no attribute 'title'</failure></testcase><testcase classname="backend.tests.unit.test_search" name="test_initial_search_all_fields_invalid[AllBlankStrings]" time="0.008" /><testcase classname="backend.tests.unit.test_search" name="test_initial_search_all_fields_invalid[UnusedKey]" time="0.002"><failure message="AttributeError: 'NoneType' object has no attribute 'title'">E   AttributeError: 'NoneType' object has no attribute 'title'</failure></testcase><testcase classname="backend.tests.unit.test_search" name="test_search_by_author_param[AuthorFound]" time="0.003" /><testcase classname="backend.tests.unit.test_search" name="test_search_by_author_param[AuthorNotFound]" time="0.002" /><testcase classname="backend.tests.unit.test_search" name="test_search_by_institution_param[InstitutionFound]" time="0.002" /><testcase classname="backend.tests.unit.test_search" name="test_search_by_institution_param[InstitutionNotFound]" time="0.002" /><testcase classname="backend.tests.unit.test_search" name="test_search_by_topic_param[TopicFound]" time="0.001" /><testcase classname="backend.tests.unit.test_search" name="test_search_by_topic_param[TopicNotFound]" time="0.001" /><testcase classname="backend.tests.unit.test_search" name="test_search_by_author_success" time="0.001" /><testcase classname="backend.tests.unit.test_search" name="test_search_by_author_no_ids" time="0.001" /><testcase classname="backend.tests.unit.test_search" name="test_search_by_author_institution_topic_success" time="0.002" /><testcase classname="backend.tests.unit.test_search" name="test_search_by_author_institution_topic_no_author_ids" time="0.001" /><testcase classname="backend.tests.unit.test_search" name="test_search_by_author_institution_topic_no_institution_id" time="0.002" /><testcase classname="backend.tests.unit.test_search" name="test_search_by_author_institution_success" time="0.002" /><testcase classname="backend.tests.unit.test_search" name="test_search_by_author_institution_no_author_ids" time="0.001" /><testcase classname="backend.tests.unit.test_search" name="test_search_by_author_institution_no_institution_id" time="0.001" /><testcase classname="backend.tests.unit.test_search" name="test_search_by_institution_topic_success" time="0.001" /><testcase classname="backend.tests.unit.test_search" name="test_search_by_institution_topic_no_institution_id" time="0.001" /><testcase classname="backend.tests.unit.test_search" name="test_search_by_author_topic_success" time="0.001" /><testcase classname="backend.tests.unit.test_search" name="test_search_by_author_topic_no_author_ids" time="0.001" /><testcase classname="backend.tests.unit.test_search" name="test_search_by_topic_success" time="0.001" /><testcase classname="backend.tests.unit.test_search" name="test_search_by_topic_no_result" time="0.001" /><testcase classname="backend.tests.unit.test_search" name="test_search_by_institution_success" time="0.001" /><testcase classname="backend.tests.unit.test_search" name="test_search_by_institution_no_institution_id" time="0.002" /></testsuite></testsuites>