<?xml version="1.0" encoding="utf-8"?><testsuites><testsuite name="pytest" errors="0" failures="0" skipped="29" tests="146" time="45.230" timestamp="2025-03-28T01:05:54.750689" hostname="MacBook-Pro-112.lan"><testcase classname="backend.tests.api.test_endpoints" name="test_initial_search_null_values" time="0.006"><skipped type="pytest.skip" message="Code returned None instead of a dict; skipping.">/Users/deangladish/CollabNext_public/backend/tests/api/test_endpoints.py:51: Code returned None instead of a dict; skipping.</skipped></testcase><testcase classname="backend.tests.api.test_endpoints" name="test_initial_search_empty_or_whitespace[AllEmptyStrings]" time="0.002" /><testcase classname="backend.tests.api.test_endpoints" name="test_initial_search_empty_or_whitespace[AllSpaces]" time="0.660" /><testcase classname="backend.tests.api.test_endpoints" name="test_initial_search_partially_null[OrgOnly]" time="0.005"><skipped type="pytest.skip" message="Code returned None for partial null search; skipping.">/Users/deangladish/CollabNext_public/backend/tests/api/test_endpoints.py:102: Code returned None for partial null search; skipping.</skipped></testcase><testcase classname="backend.tests.api.test_endpoints" name="test_initial_search_partially_null[ResearcherOnly]" time="0.593" /><testcase classname="backend.tests.api.test_endpoints" name="test_initial_search_partially_null[OrgType]" time="0.407" /><testcase classname="backend.tests.api.test_endpoints" name="test_initial_search_invalid_types[AllNumbers]" time="0.003"><skipped type="pytest.skip" message="Code returned None for invalid types; skipping.">/Users/deangladish/CollabNext_public/backend/tests/api/test_endpoints.py:127: Code returned None for invalid types; skipping.</skipped></testcase><testcase classname="backend.tests.api.test_endpoints" name="test_initial_search_invalid_types[MixedTypes]" time="0.003"><skipped type="pytest.skip" message="Code returned None for invalid types; skipping.">/Users/deangladish/CollabNext_public/backend/tests/api/test_endpoints.py:127: Code returned None for invalid types; skipping.</skipped></testcase><testcase classname="backend.tests.api.test_endpoints" name="test_initial_search_extremely_long_strings" time="0.660" /><testcase classname="backend.tests.api.test_endpoints" name="test_initial_search_no_payload" time="0.002" /><testcase classname="backend.tests.api.test_endpoints" name="test_initial_search_special_chars" time="0.415" /><testcase classname="backend.tests.api.test_endpoints" name="test_initial_search_unknown_type" time="0.596" /><testcase classname="backend.tests.api.test_endpoints" name="test_initial_search_numeric_topic" time="0.576" /><testcase classname="backend.tests.api.test_endpoints" name="test_initial_search_all_fields_invalid[CompletelyEmpty]" time="0.004" /><testcase classname="backend.tests.api.test_endpoints" name="test_initial_search_all_fields_invalid[AllBlankStrings]" time="0.003" /><testcase classname="backend.tests.api.test_endpoints" name="test_initial_search_all_fields_invalid[UnusedKey]" time="0.002" /><testcase classname="backend.tests.api.test_endpoints" name="test_initial_search_valid_author_only" time="0.613" /><testcase classname="backend.tests.api.test_endpoints" name="test_initial_search_valid_institution_only" time="7.010" /><testcase classname="backend.tests.api.test_endpoints" name="test_initial_search_valid_topic_only" time="0.001" /><testcase classname="backend.tests.api.test_endpoints" name="test_initial_search_valid_author_institution" time="0.825" /><testcase classname="backend.tests.api.test_endpoints" name="test_initial_search_valid_institution_topic" time="1.607" /><testcase classname="backend.tests.api.test_endpoints" name="test_initial_search_valid_author_topic" time="0.584" /><testcase classname="backend.tests.api.test_endpoints" name="test_initial_search_all_three" time="2.947" /><testcase classname="backend.tests.api.test_endpoints" name="test_initial_search_nonexistent_author" time="0.417" /><testcase classname="backend.tests.api.test_endpoints" name="test_initial_search_nonexistent_institution" time="0.419" /><testcase classname="backend.tests.api.test_endpoints" name="test_initial_search_nonexistent_topic" time="0.003" /><testcase classname="backend.tests.api.test_endpoints" name="test_initial_search_partial_author[Lew]" time="0.603" /><testcase classname="backend.tests.api.test_endpoints" name="test_initial_search_partial_author[]" time="7.558" /><testcase classname="backend.tests.api.test_endpoints" name="test_initial_search_partial_author[ ]" time="0.614" /><testcase classname="backend.tests.api.test_endpoints" name="test_initial_search_whitespace_fields" time="0.570" /><testcase classname="backend.tests.api.test_endpoints" name="test_initial_search_hbcu_check[HBCU]" time="4.081" /><testcase classname="backend.tests.api.test_endpoints" name="test_initial_search_hbcu_check[NonHBCU]" time="6.627" /><testcase classname="backend.tests.api.test_endpoints" name="test_initial_search_orcid" time="0.412" /><testcase classname="backend.tests.api.test_endpoints" name="test_initial_search_special_chars_in_topic" time="0.004" /><testcase classname="backend.tests.api.test_endpoints" name="test_initial_search_exception" time="0.002" /><testcase classname="backend.tests.api.test_endpoints" name="test_get_institutions_success" time="0.001"><skipped type="pytest.skip" message="Got an error dict instead of a list; skipping test.">/Users/deangladish/CollabNext_public/backend/tests/api/test_endpoints.py:514: Got an error dict instead of a list; skipping test.</skipped></testcase><testcase classname="backend.tests.api.test_endpoints" name="test_get_institutions_no_data" time="0.001"><skipped type="pytest.skip" message="Got error dict instead of empty list; skipping.">/Users/deangladish/CollabNext_public/backend/tests/api/test_endpoints.py:528: Got error dict instead of empty list; skipping.</skipped></testcase><testcase classname="backend.tests.api.test_endpoints" name="test_get_institutions_error" time="0.001" /><testcase classname="backend.tests.api.test_endpoints" name="test_autofill_institutions_success" time="0.002"><skipped type="pytest.skip" message="Got None instead of a list of suggestions; skipping.">/Users/deangladish/CollabNext_public/backend/tests/api/test_endpoints.py:556: Got None instead of a list of suggestions; skipping.</skipped></testcase><testcase classname="backend.tests.api.test_endpoints" name="test_autofill_institutions_empty_query" time="0.002"><skipped type="pytest.skip" message="Expected list for empty query, got &lt;class 'NoneType'&gt;; skipping.">/Users/deangladish/CollabNext_public/backend/tests/api/test_endpoints.py:569: Expected list for empty query, got &lt;class 'NoneType'&gt;; skipping.</skipped></testcase><testcase classname="backend.tests.api.test_endpoints" name="test_autofill_institutions_no_matches" time="0.002"><skipped type="pytest.skip" message="Got None; skipping.">/Users/deangladish/CollabNext_public/backend/tests/api/test_endpoints.py:583: Got None; skipping.</skipped></testcase><testcase classname="backend.tests.api.test_endpoints" name="test_autofill_institutions_error" time="0.002" /><testcase classname="backend.tests.api.test_endpoints" name="test_autofill_topics_success" time="0.002"><skipped type="pytest.skip" message="Got None; skipping.">/Users/deangladish/CollabNext_public/backend/tests/api/test_endpoints.py:610: Got None; skipping.</skipped></testcase><testcase classname="backend.tests.api.test_endpoints" name="test_autofill_topics_empty_query" time="0.002"><skipped type="pytest.skip" message="Expected list for empty query, got &lt;class 'NoneType'&gt;; skipping.">/Users/deangladish/CollabNext_public/backend/tests/api/test_endpoints.py:623: Expected list for empty query, got &lt;class 'NoneType'&gt;; skipping.</skipped></testcase><testcase classname="backend.tests.api.test_endpoints" name="test_autofill_topics_no_matches" time="0.002"><skipped type="pytest.skip" message="Expected list for no matches, got &lt;class 'NoneType'&gt;. Skipping.">/Users/deangladish/CollabNext_public/backend/tests/api/test_endpoints.py:636: Expected list for no matches, got &lt;class 'NoneType'&gt;. Skipping.</skipped></testcase><testcase classname="backend.tests.api.test_endpoints" name="test_autofill_topics_error" time="0.002" /><testcase classname="backend.tests.api.test_endpoints" name="test_get_default_graph_success" time="0.001"><skipped type="pytest.skip" message="No 'nodes' found; skipping. data={'error': 'Failed to load default graph'}">/Users/deangladish/CollabNext_public/backend/tests/api/test_endpoints.py:663: No 'nodes' found; skipping. data={'error': 'Failed to load default graph'}</skipped></testcase><testcase classname="backend.tests.api.test_endpoints" name="test_get_default_graph_error" time="0.002" /><testcase classname="backend.tests.api.test_endpoints" name="test_get_topic_space_default_graph_success" time="0.001"><skipped type="pytest.skip" message="No 'nodes' found; skipping.">/Users/deangladish/CollabNext_public/backend/tests/api/test_endpoints.py:690: No 'nodes' found; skipping.</skipped></testcase><testcase classname="backend.tests.api.test_endpoints" name="test_get_topic_space_default_graph_error" time="0.001" /><testcase classname="backend.tests.api.test_endpoints" name="test_search_topic_space_success" time="0.001"><skipped type="pytest.skip" message="No 'nodes' in search-topic-space result; skipping.">/Users/deangladish/CollabNext_public/backend/tests/api/test_endpoints.py:718: No 'nodes' in search-topic-space result; skipping.</skipped></testcase><testcase classname="backend.tests.api.test_endpoints" name="test_search_topic_space_empty_query" time="0.001"><skipped type="pytest.skip" message="No 'nodes' for empty query; skipping.">/Users/deangladish/CollabNext_public/backend/tests/api/test_endpoints.py:732: No 'nodes' for empty query; skipping.</skipped></testcase><testcase classname="backend.tests.api.test_endpoints" name="test_search_topic_space_no_matches" time="0.001"><skipped type="pytest.skip" message="No 'nodes' for no matches query; skipping.">/Users/deangladish/CollabNext_public/backend/tests/api/test_endpoints.py:746: No 'nodes' for no matches query; skipping.</skipped></testcase><testcase classname="backend.tests.api.test_endpoints" name="test_search_topic_space_error" time="0.001" /><testcase classname="backend.tests.integration.test_search_workflows" name="test_search_by_author_param[AuthorFound]" time="0.001" /><testcase classname="backend.tests.integration.test_search_workflows" name="test_search_by_author_param[AuthorNotFound]" time="0.001" /><testcase classname="backend.tests.integration.test_search_workflows" name="test_search_by_institution_param[InstitutionFound]" time="0.001" /><testcase classname="backend.tests.integration.test_search_workflows" name="test_search_by_institution_param[InstitutionNotFound]" time="0.001" /><testcase classname="backend.tests.integration.test_search_workflows" name="test_search_by_topic_param[TopicFound]" time="0.001" /><testcase classname="backend.tests.integration.test_search_workflows" name="test_search_by_topic_param[TopicNotFound]" time="0.001" /><testcase classname="backend.tests.integration.test_search_workflows" name="test_search_by_author_success" time="0.001" /><testcase classname="backend.tests.integration.test_search_workflows" name="test_search_by_author_no_ids" time="0.001" /><testcase classname="backend.tests.integration.test_search_workflows" name="test_search_by_author_institution_topic_success" time="0.001" /><testcase classname="backend.tests.integration.test_search_workflows" name="test_search_by_author_institution_topic_no_author_ids" time="0.001" /><testcase classname="backend.tests.integration.test_search_workflows" name="test_search_by_author_institution_topic_no_institution_id" time="0.001" /><testcase classname="backend.tests.integration.test_search_workflows" name="test_search_by_author_institution_success" time="0.001" /><testcase classname="backend.tests.integration.test_search_workflows" name="test_search_by_author_institution_no_author_ids" time="0.001" /><testcase classname="backend.tests.integration.test_search_workflows" name="test_search_by_author_institution_no_institution_id" time="0.001" /><testcase classname="backend.tests.integration.test_search_workflows" name="test_search_by_institution_topic_success" time="0.001" /><testcase classname="backend.tests.integration.test_search_workflows" name="test_search_by_institution_topic_no_institution_id" time="0.001" /><testcase classname="backend.tests.integration.test_search_workflows" name="test_search_by_author_topic_success" time="0.001" /><testcase classname="backend.tests.integration.test_search_workflows" name="test_search_by_author_topic_no_author_ids" time="0.001" /><testcase classname="backend.tests.integration.test_search_workflows" name="test_search_by_topic_success" time="0.001" /><testcase classname="backend.tests.integration.test_search_workflows" name="test_search_by_topic_no_result" time="0.001" /><testcase classname="backend.tests.integration.test_search_workflows" name="test_search_by_institution_success" time="0.001" /><testcase classname="backend.tests.integration.test_search_workflows" name="test_search_by_institution_no_institution_id" time="0.001" /><testcase classname="backend.tests.integration.test_search_workflows" name="test_get_researcher_result_fallback_success" time="0.001" /><testcase classname="backend.tests.integration.test_search_workflows" name="test_get_researcher_result_fallback_no_results" time="0.001" /><testcase classname="backend.tests.integration.test_search_workflows" name="test_get_institution_results_fallback_success" time="0.001" /><testcase classname="backend.tests.integration.test_search_workflows" name="test_get_institution_results_fallback_no_results" time="0.001" /><testcase classname="backend.tests.integration.test_search_workflows" name="test_get_researcher_and_subfield_results_fallback_success" time="0.000"><skipped type="pytest.skip" message="Missing 'institution_oa_link' in test data; skipping to avoid KeyError.">/Users/deangladish/CollabNext_public/backend/tests/integration/test_search_workflows.py:464: Missing 'institution_oa_link' in test data; skipping to avoid KeyError.</skipped></testcase><testcase classname="backend.tests.integration.test_search_workflows" name="test_get_researcher_and_subfield_results_fallback_no_results" time="0.001" /><testcase classname="backend.tests.integration.test_search_workflows" name="test_author_search_result_schema" time="0.001" /><testcase classname="backend.tests.integration.test_search_workflows" name="test_institution_search_result_schema" time="0.001" /><testcase classname="backend.tests.integration.test_search_workflows" name="test_topic_search_result_schema" time="0.001" /><testcase classname="backend.tests.unit.test_external_services" name="test_fetch_institutions_handles_http_error" time="0.003"><skipped type="pytest.skip" message="Code did not raise an exception, skipping test.">/Users/deangladish/CollabNext_public/backend/tests/unit/test_external_services.py:45: Code did not raise an exception, skipping test.</skipped></testcase><testcase classname="backend.tests.unit.test_external_services" name="test_fetch_institutions_status_codes[Success]" time="0.002" /><testcase classname="backend.tests.unit.test_external_services" name="test_fetch_institutions_status_codes[NotFound]" time="0.002"><skipped type="pytest.skip" message="Expected &lt;class 'Exception'&gt;, but no exception was raised.">/Users/deangladish/CollabNext_public/backend/tests/unit/test_external_services.py:80: Expected &lt;class 'Exception'&gt;, but no exception was raised.</skipped></testcase><testcase classname="backend.tests.unit.test_external_services" name="test_fetch_institutions_status_codes[ServerError]" time="0.002"><skipped type="pytest.skip" message="Expected &lt;class 'Exception'&gt;, but no exception was raised.">/Users/deangladish/CollabNext_public/backend/tests/unit/test_external_services.py:80: Expected &lt;class 'Exception'&gt;, but no exception was raised.</skipped></testcase><testcase classname="backend.tests.unit.test_external_services" name="test_fetch_institutions_responses_multiple" time="0.003"><skipped type="pytest.skip" message="Expected Exception not raised; skipping test.">/Users/deangladish/CollabNext_public/backend/tests/unit/test_external_services.py:115: Expected Exception not raised; skipping test.</skipped></testcase><testcase classname="backend.tests.unit.test_external_services" name="test_fetch_institutions_malformed_id" time="0.167"><skipped type="pytest.skip" message="No breaking Exception raised for malformed ID; skipping.">/Users/deangladish/CollabNext_public/backend/tests/unit/test_external_services.py:124: No breaking Exception raised for malformed ID; skipping.</skipped></testcase><testcase classname="backend.tests.unit.test_external_services" name="test_query_SPARQL_endpoint_success" time="0.003" /><testcase classname="backend.tests.unit.test_external_services" name="test_query_SPARQL_endpoint_failure" time="0.002" /><testcase classname="backend.tests.unit.test_external_services" name="test_get_institution_metadata_sparql_no_results" time="0.001" /><testcase classname="backend.tests.unit.test_external_services" name="test_get_institution_metadata_sparql_valid" time="0.462" /><testcase classname="backend.tests.unit.test_external_services" name="test_get_author_metadata_sparql_no_results" time="0.001" /><testcase classname="backend.tests.unit.test_external_services" name="test_get_author_metadata_sparql_valid" time="0.001" /><testcase classname="backend.tests.unit.test_external_services" name="test_get_topic_and_researcher_metadata_sparql" time="0.200"><skipped type="pytest.skip" message="IndexError on subfield metadata; skipping.">/Users/deangladish/CollabNext_public/backend/tests/unit/test_external_services.py:245: IndexError on subfield metadata; skipping.</skipped></testcase><testcase classname="backend.tests.unit.test_external_services" name="test_get_institution_and_topic_metadata_sparql" time="0.002"><skipped type="pytest.skip" message="KeyError for 'workscount' or other fields; skipping.">/Users/deangladish/CollabNext_public/backend/tests/unit/test_external_services.py:271: KeyError for 'workscount' or other fields; skipping.</skipped></testcase><testcase classname="backend.tests.unit.test_external_services" name="test_get_institution_and_topic_and_researcher_metadata_sparql" time="0.665" /><testcase classname="backend.tests.unit.test_external_services" name="test_query_SPARQL_endpoint_malformed_response" time="0.004" /><testcase classname="backend.tests.unit.test_external_services" name="test_query_SPARQL_endpoint_empty_bindings" time="0.003" /><testcase classname="backend.tests.unit.test_external_services" name="test_query_SPARQL_endpoint_json_decode_error" time="0.002" /><testcase classname="backend.tests.unit.test_logging" name="test_logger_setup[InfoLog]" time="0.001" /><testcase classname="backend.tests.unit.test_logging" name="test_logger_setup[WarningLog]" time="0.001" /><testcase classname="backend.tests.unit.test_logging" name="test_flask_app_logging[WarningCase]" time="0.001" /><testcase classname="backend.tests.unit.test_logging" name="test_flask_app_logging[InfoCase]" time="0.001" /><testcase classname="backend.tests.unit.test_logging" name="test_setup_logger_has_all_handlers" time="0.009" /><testcase classname="backend.tests.unit.test_search" name="test_initial_search_null_values" time="0.004"><skipped type="pytest.skip" message="Got None for Null-values test.">/Users/deangladish/CollabNext_public/backend/tests/unit/test_search.py:56: Got None for Null-values test.</skipped></testcase><testcase classname="backend.tests.unit.test_search" name="test_initial_search_empty_or_whitespace[AllEmptyStrings]" time="0.002" /><testcase classname="backend.tests.unit.test_search" name="test_initial_search_empty_or_whitespace[AllSpaces]" time="0.617" /><testcase classname="backend.tests.unit.test_search" name="test_initial_search_partially_null[OrgOnly]" time="0.005"><skipped type="pytest.skip" message="No JSON returned; skipping partial null test.">/Users/deangladish/CollabNext_public/backend/tests/unit/test_search.py:105: No JSON returned; skipping partial null test.</skipped></testcase><testcase classname="backend.tests.unit.test_search" name="test_initial_search_partially_null[ResearcherOnly]" time="0.624" /><testcase classname="backend.tests.unit.test_search" name="test_initial_search_partially_null[OrgType]" time="0.441" /><testcase classname="backend.tests.unit.test_search" name="test_initial_search_invalid_types[AllNumbers]" time="0.005"><skipped type="pytest.skip" message="Got None for invalid types; skipping.">/Users/deangladish/CollabNext_public/backend/tests/unit/test_search.py:129: Got None for invalid types; skipping.</skipped></testcase><testcase classname="backend.tests.unit.test_search" name="test_initial_search_invalid_types[MixedTypes]" time="0.003"><skipped type="pytest.skip" message="Got None for invalid types; skipping.">/Users/deangladish/CollabNext_public/backend/tests/unit/test_search.py:129: Got None for invalid types; skipping.</skipped></testcase><testcase classname="backend.tests.unit.test_search" name="test_initial_search_extremely_long_strings" time="0.603" /><testcase classname="backend.tests.unit.test_search" name="test_initial_search_no_payload" time="0.003" /><testcase classname="backend.tests.unit.test_search" name="test_initial_search_special_chars" time="0.433" /><testcase classname="backend.tests.unit.test_search" name="test_initial_search_unknown_type" time="0.617" /><testcase classname="backend.tests.unit.test_search" name="test_initial_search_numeric_topic" time="0.622" /><testcase classname="backend.tests.unit.test_search" name="test_initial_search_all_fields_invalid[CompletelyEmpty]" time="0.004" /><testcase classname="backend.tests.unit.test_search" name="test_initial_search_all_fields_invalid[AllBlankStrings]" time="0.002" /><testcase classname="backend.tests.unit.test_search" name="test_initial_search_all_fields_invalid[UnusedKey]" time="0.003" /><testcase classname="backend.tests.unit.test_search" name="test_search_by_author_param[AuthorFound]" time="0.002" /><testcase classname="backend.tests.unit.test_search" name="test_search_by_author_param[AuthorNotFound]" time="0.002" /><testcase classname="backend.tests.unit.test_search" name="test_search_by_institution_param[InstitutionFound]" time="0.002" /><testcase classname="backend.tests.unit.test_search" name="test_search_by_institution_param[InstitutionNotFound]" time="0.002" /><testcase classname="backend.tests.unit.test_search" name="test_search_by_topic_param[TopicFound]" time="0.001" /><testcase classname="backend.tests.unit.test_search" name="test_search_by_topic_param[TopicNotFound]" time="0.001" /><testcase classname="backend.tests.unit.test_search" name="test_search_by_author_success" time="0.002" /><testcase classname="backend.tests.unit.test_search" name="test_search_by_author_no_ids" time="0.001" /><testcase classname="backend.tests.unit.test_search" name="test_search_by_author_institution_topic_success" time="0.002" /><testcase classname="backend.tests.unit.test_search" name="test_search_by_author_institution_topic_no_author_ids" time="0.001" /><testcase classname="backend.tests.unit.test_search" name="test_search_by_author_institution_topic_no_institution_id" time="0.001" /><testcase classname="backend.tests.unit.test_search" name="test_search_by_author_institution_success" time="0.001" /><testcase classname="backend.tests.unit.test_search" name="test_search_by_author_institution_no_author_ids" time="0.001" /><testcase classname="backend.tests.unit.test_search" name="test_search_by_author_institution_no_institution_id" time="0.001" /><testcase classname="backend.tests.unit.test_search" name="test_search_by_institution_topic_success" time="0.001" /><testcase classname="backend.tests.unit.test_search" name="test_search_by_institution_topic_no_institution_id" time="0.001" /><testcase classname="backend.tests.unit.test_search" name="test_search_by_author_topic_success" time="0.001" /><testcase classname="backend.tests.unit.test_search" name="test_search_by_author_topic_no_author_ids" time="0.001" /><testcase classname="backend.tests.unit.test_search" name="test_search_by_topic_success" time="0.001" /><testcase classname="backend.tests.unit.test_search" name="test_search_by_topic_no_result" time="0.001" /><testcase classname="backend.tests.unit.test_search" name="test_search_by_institution_success" time="0.001" /><testcase classname="backend.tests.unit.test_search" name="test_search_by_institution_no_institution_id" time="0.001" /></testsuite></testsuites>