<?xml version="1.0" encoding="utf-8"?><testsuites><testsuite name="pytest" errors="0" failures="75" skipped="0" tests="226" time="46.093" timestamp="2025-03-29T07:20:01.279086" hostname="MacBook-Pro-112.lan"><testcase classname="backend.tests.api.test_endpoints" name="test_initial_search_null_values" time="0.006"><failure message="Failed: Code returned None instead of a dict; skipping.">E   Failed: Code returned None instead of a dict; skipping.</failure></testcase><testcase classname="backend.tests.api.test_endpoints" name="test_initial_search_empty_or_whitespace[AllEmptyStrings]" time="0.001" /><testcase classname="backend.tests.api.test_endpoints" name="test_initial_search_empty_or_whitespace[AllSpaces]" time="0.632" /><testcase classname="backend.tests.api.test_endpoints" name="test_initial_search_partially_null[OrgOnly]" time="0.004"><failure message="Failed: Code returned None for partial null search; skipping.">E   Failed: Code returned None for partial null search; skipping.</failure></testcase><testcase classname="backend.tests.api.test_endpoints" name="test_initial_search_partially_null[ResearcherOnly]" time="0.607" /><testcase classname="backend.tests.api.test_endpoints" name="test_initial_search_partially_null[OrgType]" time="0.397" /><testcase classname="backend.tests.api.test_endpoints" name="test_initial_search_invalid_types[AllNumbers]" time="0.008"><failure message="Failed: Code returned None for invalid types; skipping.">E   Failed: Code returned None for invalid types; skipping.</failure></testcase><testcase classname="backend.tests.api.test_endpoints" name="test_initial_search_invalid_types[MixedTypes]" time="0.006"><failure message="Failed: Code returned None for invalid types; skipping.">E   Failed: Code returned None for invalid types; skipping.</failure></testcase><testcase classname="backend.tests.api.test_endpoints" name="test_initial_search_extremely_long_strings" time="0.594" /><testcase classname="backend.tests.api.test_endpoints" name="test_initial_search_no_payload" time="0.001" /><testcase classname="backend.tests.api.test_endpoints" name="test_initial_search_special_chars" time="0.406" /><testcase classname="backend.tests.api.test_endpoints" name="test_initial_search_unknown_type" time="0.609" /><testcase classname="backend.tests.api.test_endpoints" name="test_initial_search_numeric_topic" time="0.584" /><testcase classname="backend.tests.api.test_endpoints" name="test_initial_search_all_fields_invalid[CompletelyEmpty]" time="0.004" /><testcase classname="backend.tests.api.test_endpoints" name="test_initial_search_all_fields_invalid[AllBlankStrings]" time="0.002" /><testcase classname="backend.tests.api.test_endpoints" name="test_initial_search_all_fields_invalid[UnusedKey]" time="0.003" /><testcase classname="backend.tests.api.test_endpoints" name="test_initial_search_valid_author_only" time="0.600" /><testcase classname="backend.tests.api.test_endpoints" name="test_initial_search_valid_institution_only" time="7.072" /><testcase classname="backend.tests.api.test_endpoints" name="test_initial_search_valid_topic_only" time="0.002" /><testcase classname="backend.tests.api.test_endpoints" name="test_initial_search_valid_author_institution" time="0.856" /><testcase classname="backend.tests.api.test_endpoints" name="test_initial_search_valid_institution_topic" time="1.590" /><testcase classname="backend.tests.api.test_endpoints" name="test_initial_search_valid_author_topic" time="0.640" /><testcase classname="backend.tests.api.test_endpoints" name="test_initial_search_all_three" time="2.118" /><testcase classname="backend.tests.api.test_endpoints" name="test_initial_search_nonexistent_author" time="0.412" /><testcase classname="backend.tests.api.test_endpoints" name="test_initial_search_nonexistent_institution" time="0.398" /><testcase classname="backend.tests.api.test_endpoints" name="test_initial_search_nonexistent_topic" time="0.004" /><testcase classname="backend.tests.api.test_endpoints" name="test_initial_search_partial_author[Lew]" time="0.604" /><testcase classname="backend.tests.api.test_endpoints" name="test_initial_search_partial_author[]" time="7.336" /><testcase classname="backend.tests.api.test_endpoints" name="test_initial_search_partial_author[ ]" time="0.797" /><testcase classname="backend.tests.api.test_endpoints" name="test_initial_search_whitespace_fields" time="0.596" /><testcase classname="backend.tests.api.test_endpoints" name="test_initial_search_hbcu_check[HBCU]" time="4.089" /><testcase classname="backend.tests.api.test_endpoints" name="test_initial_search_hbcu_check[NonHBCU]" time="6.814" /><testcase classname="backend.tests.api.test_endpoints" name="test_initial_search_orcid" time="0.431" /><testcase classname="backend.tests.api.test_endpoints" name="test_initial_search_special_chars_in_topic" time="0.005" /><testcase classname="backend.tests.api.test_endpoints" name="test_initial_search_exception" time="0.003" /><testcase classname="backend.tests.api.test_endpoints" name="test_get_institutions_success" time="0.001"><failure message="Failed: Got an error dict instead of a list; skipping test.">E   Failed: Got an error dict instead of a list; skipping test.</failure></testcase><testcase classname="backend.tests.api.test_endpoints" name="test_get_institutions_no_data" time="0.002"><failure message="Failed: Got error dict instead of empty list; skipping.">E   Failed: Got error dict instead of empty list; skipping.</failure></testcase><testcase classname="backend.tests.api.test_endpoints" name="test_get_institutions_error" time="0.002" /><testcase classname="backend.tests.api.test_endpoints" name="test_autofill_institutions_success" time="0.002"><failure message="Failed: Got None instead of a list of suggestions; skipping.">E   Failed: Got None instead of a list of suggestions; skipping.</failure></testcase><testcase classname="backend.tests.api.test_endpoints" name="test_autofill_institutions_empty_query" time="0.003"><failure message="Failed: Expected list for empty query, got &lt;class 'NoneType'&gt;; skipping.">E   Failed: Expected list for empty query, got &lt;class 'NoneType'&gt;; skipping.</failure></testcase><testcase classname="backend.tests.api.test_endpoints" name="test_autofill_institutions_no_matches" time="0.003"><failure message="Failed: Got None; skipping.">E   Failed: Got None; skipping.</failure></testcase><testcase classname="backend.tests.api.test_endpoints" name="test_autofill_institutions_error" time="0.002" /><testcase classname="backend.tests.api.test_endpoints" name="test_autofill_topics_success" time="0.002"><failure message="Failed: Got None; skipping.">E   Failed: Got None; skipping.</failure></testcase><testcase classname="backend.tests.api.test_endpoints" name="test_autofill_topics_empty_query" time="0.002"><failure message="Failed: Expected list for empty query, got &lt;class 'NoneType'&gt;; skipping.">E   Failed: Expected list for empty query, got &lt;class 'NoneType'&gt;; skipping.</failure></testcase><testcase classname="backend.tests.api.test_endpoints" name="test_autofill_topics_no_matches" time="0.002"><failure message="Failed: Expected list for no matches, got &lt;class 'NoneType'&gt;. Skipping.">E   Failed: Expected list for no matches, got &lt;class 'NoneType'&gt;. Skipping.</failure></testcase><testcase classname="backend.tests.api.test_endpoints" name="test_autofill_topics_error" time="0.002" /><testcase classname="backend.tests.api.test_endpoints" name="test_get_default_graph_success" time="0.001"><failure message="Failed: No 'nodes' found; skipping. data={'error': 'Failed to load default graph'}">E   Failed: No 'nodes' found; skipping. data={'error': 'Failed to load default graph'}</failure></testcase><testcase classname="backend.tests.api.test_endpoints" name="test_get_default_graph_error" time="0.001" /><testcase classname="backend.tests.api.test_endpoints" name="test_get_topic_space_default_graph_success" time="0.001"><failure message="Failed: No 'nodes' found; skipping.">E   Failed: No 'nodes' found; skipping.</failure></testcase><testcase classname="backend.tests.api.test_endpoints" name="test_get_topic_space_default_graph_error" time="0.001" /><testcase classname="backend.tests.api.test_endpoints" name="test_search_topic_space_success" time="0.001"><failure message="Failed: No 'nodes' in search-topic-space result; skipping.">E   Failed: No 'nodes' in search-topic-space result; skipping.</failure></testcase><testcase classname="backend.tests.api.test_endpoints" name="test_search_topic_space_empty_query" time="0.001"><failure message="Failed: No 'nodes' for empty query; skipping.">E   Failed: No 'nodes' for empty query; skipping.</failure></testcase><testcase classname="backend.tests.api.test_endpoints" name="test_search_topic_space_no_matches" time="0.001"><failure message="Failed: No 'nodes' for no matches query; skipping.">E   Failed: No 'nodes' for no matches query; skipping.</failure></testcase><testcase classname="backend.tests.api.test_endpoints" name="test_search_topic_space_error" time="0.001" /><testcase classname="backend.tests.api.test_endpoints" name="test_autofill_topics_no_subfields" time="0.007"><failure message="AssertionError: We expect a list from /autofill-topics&#10;assert False&#10; +  where False = isinstance(None, list)">E   AssertionError: We expect a list from /autofill-topics
    assert False
     +  where False = isinstance(None, list)</failure></testcase><testcase classname="backend.tests.api.test_endpoints" name="test_mup_sat_scores_success" time="0.002" /><testcase classname="backend.tests.api.test_endpoints" name="test_get_institution_medical_expenses" time="0.001" /><testcase classname="backend.tests.api.test_endpoints" name="test_combine_graphs" time="0.000" /><testcase classname="backend.tests.api.test_endpoints" name="test_is_hbcu_true" time="0.001" /><testcase classname="backend.tests.api.test_endpoints" name="test_is_hbcu_false" time="0.001" /><testcase classname="backend.tests.api.test_endpoints" name="test_geo_info_success" time="0.001" /><testcase classname="backend.tests.api.test_endpoints" name="test_geo_info_404" time="0.002"><failure message="assert 500 in (200, 404)&#10; +  where 500 = &lt;WrapperTestResponse streamed [500 INTERNAL SERVER ERROR]&gt;.status_code">E   assert 500 in (200, 404)
     +  where 500 = &lt;WrapperTestResponse streamed [500 INTERNAL SERVER ERROR]&gt;.status_code</failure></testcase><testcase classname="backend.tests.api.test_endpoints" name="test_get_mup_id_success" time="0.001" /><testcase classname="backend.tests.api.test_endpoints" name="test_get_mup_id_notfound" time="0.001" /><testcase classname="backend.tests.api.test_endpoints" name="test_endowments_and_givings_success" time="0.001" /><testcase classname="backend.tests.api.test_endpoints" name="test_endowments_and_givings_notfound" time="0.004"><failure message="assert 500 == 404&#10; +  where 500 = &lt;WrapperTestResponse streamed [500 INTERNAL SERVER ERROR]&gt;.status_code">E   assert 500 == 404
     +  where 500 = &lt;WrapperTestResponse streamed [500 INTERNAL SERVER ERROR]&gt;.status_code</failure></testcase><testcase classname="backend.tests.api.test_endpoints" name="test_institution_num_of_researches_success" time="0.001" /><testcase classname="backend.tests.api.test_endpoints" name="test_institution_num_of_researches_no_data" time="0.001"><failure message="AssertionError: assert 'Moot; no data found' in 'No data found'">E   AssertionError: assert 'Moot; no data found' in 'No data found'</failure></testcase><testcase classname="backend.tests.api.test_endpoints" name="test_institution_medical_expenses_success" time="0.001" /><testcase classname="backend.tests.api.test_endpoints" name="test_institution_medical_expenses_no_data" time="0.001"><failure message="AssertionError: assert 'Moot; no data found' in 'No data found'">E   AssertionError: assert 'Moot; no data found' in 'No data found'</failure></testcase><testcase classname="backend.tests.api.test_endpoints" name="test_institution_doctorates_and_postdocs_success" time="0.001" /><testcase classname="backend.tests.api.test_endpoints" name="test_institution_doctorates_and_postdocs_no_data" time="0.001"><failure message="AssertionError: assert 'Moot; no data found' in 'No data found'">E   AssertionError: assert 'Moot; no data found' in 'No data found'</failure></testcase><testcase classname="backend.tests.api.test_endpoints" name="test_mup_faculty_awards_success" time="0.002" /><testcase classname="backend.tests.api.test_endpoints" name="test_mup_faculty_awards_no_data" time="0.001" /><testcase classname="backend.tests.api.test_endpoints" name="test_mup_r_and_d_success" time="0.001" /><testcase classname="backend.tests.api.test_endpoints" name="test_mup_r_and_d_no_data" time="0.001" /><testcase classname="backend.tests.integration.test_search_workflows" name="test_search_by_author_param[AuthorFound]" time="0.001" /><testcase classname="backend.tests.integration.test_search_workflows" name="test_search_by_author_param[AuthorNotFound]" time="0.001" /><testcase classname="backend.tests.integration.test_search_workflows" name="test_search_by_institution_param[InstitutionFound]" time="0.001" /><testcase classname="backend.tests.integration.test_search_workflows" name="test_search_by_institution_param[InstitutionNotFound]" time="0.001" /><testcase classname="backend.tests.integration.test_search_workflows" name="test_search_by_topic_param[TopicFound]" time="0.001" /><testcase classname="backend.tests.integration.test_search_workflows" name="test_search_by_topic_param[TopicNotFound]" time="0.001" /><testcase classname="backend.tests.integration.test_search_workflows" name="test_search_by_author_success" time="0.001" /><testcase classname="backend.tests.integration.test_search_workflows" name="test_search_by_author_no_ids" time="0.001" /><testcase classname="backend.tests.integration.test_search_workflows" name="test_search_by_author_institution_topic_success" time="0.001" /><testcase classname="backend.tests.integration.test_search_workflows" name="test_search_by_author_institution_topic_no_author_ids" time="0.001" /><testcase classname="backend.tests.integration.test_search_workflows" name="test_search_by_author_institution_topic_no_institution_id" time="0.001" /><testcase classname="backend.tests.integration.test_search_workflows" name="test_search_by_author_institution_success" time="0.001" /><testcase classname="backend.tests.integration.test_search_workflows" name="test_search_by_author_institution_no_author_ids" time="0.000" /><testcase classname="backend.tests.integration.test_search_workflows" name="test_search_by_author_institution_no_institution_id" time="0.001" /><testcase classname="backend.tests.integration.test_search_workflows" name="test_search_by_institution_topic_success" time="0.001" /><testcase classname="backend.tests.integration.test_search_workflows" name="test_search_by_institution_topic_no_institution_id" time="0.001" /><testcase classname="backend.tests.integration.test_search_workflows" name="test_search_by_author_topic_success" time="0.001" /><testcase classname="backend.tests.integration.test_search_workflows" name="test_search_by_author_topic_no_author_ids" time="0.000" /><testcase classname="backend.tests.integration.test_search_workflows" name="test_search_by_topic_success" time="0.000" /><testcase classname="backend.tests.integration.test_search_workflows" name="test_search_by_topic_no_result" time="0.001" /><testcase classname="backend.tests.integration.test_search_workflows" name="test_search_by_institution_success" time="0.001" /><testcase classname="backend.tests.integration.test_search_workflows" name="test_search_by_institution_no_institution_id" time="0.001" /><testcase classname="backend.tests.integration.test_search_workflows" name="test_get_researcher_result_fallback_success" time="0.001" /><testcase classname="backend.tests.integration.test_search_workflows" name="test_get_researcher_result_fallback_no_results" time="0.001" /><testcase classname="backend.tests.integration.test_search_workflows" name="test_get_institution_results_fallback_success" time="0.001" /><testcase classname="backend.tests.integration.test_search_workflows" name="test_get_institution_results_fallback_no_results" time="0.001" /><testcase classname="backend.tests.integration.test_search_workflows" name="test_get_researcher_and_subfield_results_fallback_success" time="0.000"><failure message="Failed: Missing 'institution_oa_link' in test data; skipping to avoid KeyError.">E   Failed: Missing 'institution_oa_link' in test data; skipping to avoid KeyError.</failure></testcase><testcase classname="backend.tests.integration.test_search_workflows" name="test_get_researcher_and_subfield_results_fallback_no_results" time="0.001" /><testcase classname="backend.tests.integration.test_search_workflows" name="test_author_search_result_schema" time="0.001" /><testcase classname="backend.tests.integration.test_search_workflows" name="test_institution_search_result_schema" time="0.001" /><testcase classname="backend.tests.integration.test_search_workflows" name="test_topic_search_result_schema" time="0.000" /><testcase classname="backend.tests.unit.test_app_extras" name="test_404_not_found" time="0.002"><failure message="AssertionError: Unexpected status code: 500&#10;assert 500 in (200, 404)&#10; +  where 500 = &lt;WrapperTestResponse streamed [500 INTERNAL SERVER ERROR]&gt;.status_code">E   AssertionError: Unexpected status code: 500
    assert 500 in (200, 404)
     +  where 500 = &lt;WrapperTestResponse streamed [500 INTERNAL SERVER ERROR]&gt;.status_code</failure></testcase><testcase classname="backend.tests.unit.test_app_extras" name="test_500_internal_server_error" time="0.001"><failure message="AssertionError: Expected a 500 from forced exception.&#10;assert 200 == 500&#10; +  where 200 = &lt;WrapperTestResponse streamed [200 OK]&gt;.status_code">E   AssertionError: Expected a 500 from forced exception.
    assert 200 == 500
     +  where 200 = &lt;WrapperTestResponse streamed [200 OK]&gt;.status_code</failure></testcase><testcase classname="backend.tests.unit.test_app_extras" name="test_env_var_loading[env_values0]" time="0.013" /><testcase classname="backend.tests.unit.test_app_extras" name="test_env_var_loading[env_values1]" time="0.010" /><testcase classname="backend.tests.unit.test_app_extras" name="test_index_route_root" time="0.002"><failure message="assert 500 == 200&#10; +  where 500 = &lt;WrapperTestResponse streamed [500 INTERNAL SERVER ERROR]&gt;.status_code">E   assert 500 == 200
     +  where 500 = &lt;WrapperTestResponse streamed [500 INTERNAL SERVER ERROR]&gt;.status_code</failure></testcase><testcase classname="backend.tests.unit.test_app_extras" name="test_index_route_subpath" time="0.002"><failure message="AssertionError: Depending on &quot;supplemental code&quot;, 404 or 200&#10;assert 500 in (200, 404)&#10; +  where 500 = &lt;WrapperTestResponse streamed [500 INTERNAL SERVER ERROR]&gt;.status_code">E   AssertionError: Depending on "supplemental code", 404 or 200
    assert 500 in (200, 404)
     +  where 500 = &lt;WrapperTestResponse streamed [500 INTERNAL SERVER ERROR]&gt;.status_code</failure></testcase><testcase classname="backend.tests.unit.test_app_extras" name="test_get_researcher_result_no_orcid_no_institution" time="0.002" /><testcase classname="backend.tests.unit.test_app_extras" name="test_get_researcher_result_orcid_present" time="0.002"><failure message="KeyError: 'metadata'">E   KeyError: 'metadata'</failure></testcase><testcase classname="backend.tests.unit.test_app_extras" name="test_get_institution_results_pagination" time="0.002"><failure message="KeyError: 'list'">E   KeyError: 'list'</failure></testcase><testcase classname="backend.tests.unit.test_app_extras" name="test_get_subfield_results_db_and_sparql_empty" time="0.038"><failure message="AssertionError: Should come back empty if DB &amp; SPARQL both no results on our punch list of &quot;checks&quot;.&#10;assert {'graph': Non...tadata': None} == {}&#10;  &#10;  Left contains 3 more items:&#10;  #x1B[0m{#x1B[33m'#x1B[39;49;00m#x1B[33mgraph#x1B[39;49;00m#x1B[33m'#x1B[39;49;00m: #x1B[94mNone#x1B[39;49;00m, #x1B[33m'#x1B[39;49;00m#x1B[33mlist#x1B[39;49;00m#x1B[33m'#x1B[39;49;00m: #x1B[94mNone#x1B[39;49;00m, #x1B[33m'#x1B[39;49;00m#x1B[33mmetadata#x1B[39;49;00m#x1B[33m'#x1B[39;49;00m: #x1B[94mNone#x1B[39;49;00m}#x1B[90m#x1B[39;49;00m&#10;  Use -v to get more diff">E   AssertionError: Should come back empty if DB &amp; SPARQL both no results on our punch list of "checks".
    assert {'graph': Non...tadata': None} == {}
      
      Left contains 3 more items:
      #x1B[0m{#x1B[33m'#x1B[39;49;00m#x1B[33mgraph#x1B[39;49;00m#x1B[33m'#x1B[39;49;00m: #x1B[94mNone#x1B[39;49;00m, #x1B[33m'#x1B[39;49;00m#x1B[33mlist#x1B[39;49;00m#x1B[33m'#x1B[39;49;00m: #x1B[94mNone#x1B[39;49;00m, #x1B[33m'#x1B[39;49;00m#x1B[33mmetadata#x1B[39;49;00m#x1B[33m'#x1B[39;49;00m: #x1B[94mNone#x1B[39;49;00m}#x1B[90m#x1B[39;49;00m
      Use -v to get more diff</failure></testcase><testcase classname="backend.tests.unit.test_app_extras" name="test_fetch_institutions_malformed_id_raises" time="0.172"><failure message="Failed: DID NOT RAISE &lt;class 'Exception'&gt;">E   Failed: DID NOT RAISE &lt;class 'Exception'&gt;</failure></testcase><testcase classname="backend.tests.unit.test_app_extras" name="test_fetch_institutions_non_numeric" time="0.195"><failure message="Failed: DID NOT RAISE &lt;class 'Exception'&gt;">E   Failed: DID NOT RAISE &lt;class 'Exception'&gt;</failure></testcase><testcase classname="backend.tests.unit.test_app_extras" name="test_fetch_last_known_institutions_non_200" time="0.003"><failure message="Failed: DID NOT RAISE &lt;class 'Exception'&gt;">E   Failed: DID NOT RAISE &lt;class 'Exception'&gt;</failure></testcase><testcase classname="backend.tests.unit.test_app_extras" name="test_autofill_topics_reads_subfields_csv" time="0.007"><failure message="AssertionError: assert 'Biology' in ['Molecular Biology', 'Biochemistry', 'Biomedical Engineering', 'Biomaterials', 'General Agricultural and Biological Sciences', 'Cell Biology', ...]">E   AssertionError: assert 'Biology' in ['Molecular Biology', 'Biochemistry', 'Biomedical Engineering', 'Biomaterials', 'General Agricultural and Biological Sciences', 'Cell Biology', ...]</failure></testcase><testcase classname="backend.tests.unit.test_app_extras" name="test_autofill_topics_reads_keywords_csv" time="0.013"><failure message="AttributeError: 'NoneType' object has no attribute 'get'">E   AttributeError: 'NoneType' object has no attribute 'get'</failure></testcase><testcase classname="backend.tests.unit.test_app_extras" name="test_search_by_author_topic_no_subfield_metadata" time="0.003"><failure message="AssertionError: assert 'metadata' in {'error': 'An unexpected error occurred'}">E   AssertionError: assert 'metadata' in {'error': 'An unexpected error occurred'}</failure></testcase><testcase classname="backend.tests.unit.test_app_extras" name="test_execute_query_db_error" time="0.001" /><testcase classname="backend.tests.unit.test_app_extras" name="test_env_var_loading_fallback" time="0.008" /><testcase classname="backend.tests.unit.test_app_extras" name="test_fetch_institutions_non_numeric_raises" time="0.183"><failure message="Failed: DID NOT RAISE &lt;class 'Exception'&gt;">E   Failed: DID NOT RAISE &lt;class 'Exception'&gt;</failure></testcase><testcase classname="backend.tests.unit.test_app_extras" name="test_fetch_institutions_500_status" time="0.003"><failure message="Failed: DID NOT RAISE &lt;class 'Exception'&gt;">E   Failed: DID NOT RAISE &lt;class 'Exception'&gt;</failure></testcase><testcase classname="backend.tests.unit.test_app_extras" name="test_env_vars_missing_load_dotenv" time="0.020" /><testcase classname="backend.tests.unit.test_app_extras" name="test_execute_query_db_exception" time="0.002" /><testcase classname="backend.tests.unit.test_app_extras" name="test_custom_500_error_route" time="0.005"><failure message="AssertionError: Expected the custom 500 error handler to return 500&#10;assert 200 == 500&#10; +  where 200 = &lt;WrapperTestResponse streamed [200 OK]&gt;.status_code">E   AssertionError: Expected the custom 500 error handler to return 500
    assert 200 == 500
     +  where 200 = &lt;WrapperTestResponse streamed [200 OK]&gt;.status_code</failure></testcase><testcase classname="backend.tests.unit.test_app_extras" name="test_404_serves_index_html" time="0.004"><failure message="assert 500 in (200, 404)&#10; +  where 500 = &lt;WrapperTestResponse streamed [500 INTERNAL SERVER ERROR]&gt;.status_code">E   assert 500 in (200, 404)
     +  where 500 = &lt;WrapperTestResponse streamed [500 INTERNAL SERVER ERROR]&gt;.status_code</failure></testcase><testcase classname="backend.tests.unit.test_app_extras" name="test_get_researcher_result_no_institution_no_orcid" time="0.003" /><testcase classname="backend.tests.unit.test_app_extras" name="test_get_researcher_result_no_db_no_sparql" time="0.004" /><testcase classname="backend.tests.unit.test_app_extras" name="test_openalex_500_error" time="0.001"><failure message="Failed: DID NOT RAISE &lt;class 'Exception'&gt;">E   Failed: DID NOT RAISE &lt;class 'Exception'&gt;</failure></testcase><testcase classname="backend.tests.unit.test_app_extras" name="test_malformed_openalex_id" time="0.001"><failure message="Failed: DID NOT RAISE &lt;class 'Exception'&gt;">E   Failed: DID NOT RAISE &lt;class 'Exception'&gt;</failure></testcase><testcase classname="backend.tests.unit.test_app_extras" name="test_endpoint_missing_parameters" time="0.003" /><testcase classname="backend.tests.unit.test_app_extras" name="test_autofill_topics_empty_query" time="0.001" /><testcase classname="backend.tests.unit.test_app_extras" name="test_endpoint_conditional_response" time="0.005"><failure message="assert 500 == 200&#10; +  where 500 = &lt;WrapperTestResponse streamed [500 INTERNAL SERVER ERROR]&gt;.status_code">E   assert 500 == 200
     +  where 500 = &lt;WrapperTestResponse streamed [500 INTERNAL SERVER ERROR]&gt;.status_code</failure></testcase><testcase classname="backend.tests.unit.test_app_extras" name="test_db_transaction_failure" time="0.001"><failure message="assert 405 == 500&#10; +  where 405 = &lt;WrapperTestResponse streamed [405 METHOD NOT ALLOWED]&gt;.status_code">E   assert 405 == 500
     +  where 405 = &lt;WrapperTestResponse streamed [405 METHOD NOT ALLOWED]&gt;.status_code</failure></testcase><testcase classname="backend.tests.unit.test_app_extras" name="test_protected_route_without_auth" time="0.004"><failure message="assert 500 == 401&#10; +  where 500 = &lt;WrapperTestResponse streamed [500 INTERNAL SERVER ERROR]&gt;.status_code">E   assert 500 == 401
     +  where 500 = &lt;WrapperTestResponse streamed [500 INTERNAL SERVER ERROR]&gt;.status_code</failure></testcase><testcase classname="backend.tests.unit.test_app_extras" name="test_protected_route_with_auth" time="0.004"><failure message="assert 500 == 200&#10; +  where 500 = &lt;WrapperTestResponse streamed [500 INTERNAL SERVER ERROR]&gt;.status_code">E   assert 500 == 200
     +  where 500 = &lt;WrapperTestResponse streamed [500 INTERNAL SERVER ERROR]&gt;.status_code</failure></testcase><testcase classname="backend.tests.unit.test_app_extras" name="test_complex_logic_branch" time="0.001"><failure message="assert 405 == 200&#10; +  where 405 = &lt;WrapperTestResponse streamed [405 METHOD NOT ALLOWED]&gt;.status_code">E   assert 405 == 200
     +  where 405 = &lt;WrapperTestResponse streamed [405 METHOD NOT ALLOWED]&gt;.status_code</failure></testcase><testcase classname="backend.tests.unit.test_app_extras" name="test_internal_server_error_handler" time="0.000"><failure message="AttributeError: &lt;module 'backend.app' from '/Users/deangladish/CollabNext_public/backend/app.py'&gt; does not have the attribute 'some_internal_function'">E   AttributeError: &lt;module 'backend.app' from '/Users/deangladish/CollabNext_public/backend/app.py'&gt; does not have the attribute 'some_internal_function'</failure></testcase><testcase classname="backend.tests.unit.test_app_extras" name="test_environment_loading_fallback" time="0.006" /><testcase classname="backend.tests.unit.test_app_extras" name="test_execute_query_exception" time="0.001" /><testcase classname="backend.tests.unit.test_app_extras" name="test_404_handler_returns_index" time="0.003"><failure message="assert 500 in (200, 404)&#10; +  where 500 = &lt;WrapperTestResponse streamed [500 INTERNAL SERVER ERROR]&gt;.status_code">E   assert 500 in (200, 404)
     +  where 500 = &lt;WrapperTestResponse streamed [500 INTERNAL SERVER ERROR]&gt;.status_code</failure></testcase><testcase classname="backend.tests.unit.test_app_extras" name="test_pagination_logic" time="0.003"><failure message="assert 500 == 200&#10; +  where 500 = &lt;WrapperTestResponse streamed [500 INTERNAL SERVER ERROR]&gt;.status_code">E   assert 500 == 200
     +  where 500 = &lt;WrapperTestResponse streamed [500 INTERNAL SERVER ERROR]&gt;.status_code</failure></testcase><testcase classname="backend.tests.unit.test_app_extras" name="test_no_results_from_db_and_sparql" time="0.003"><failure message="assert 500 == 200&#10; +  where 500 = &lt;WrapperTestResponse streamed [500 INTERNAL SERVER ERROR]&gt;.status_code">E   assert 500 == 200
     +  where 500 = &lt;WrapperTestResponse streamed [500 INTERNAL SERVER ERROR]&gt;.status_code</failure></testcase><testcase classname="backend.tests.unit.test_app_extras" name="test_autofill_topics_csv" time="0.004"><failure message="AssertionError: assert 'Biology' in ['Molecular Biology', 'Biochemistry', 'Biomedical Engineering', 'Biomaterials', 'General Agricultural and Biological Sciences', 'Cell Biology', ...]&#10; +  where ['Molecular Biology', 'Biochemistry', 'Biomedical Engineering', 'Biomaterials', 'General Agricultural and Biological Sciences', 'Cell Biology', ...] = &lt;built-in method get of dict object at 0x113a91300&gt;('possible_searches', [])&#10; +    where &lt;built-in method get of dict object at 0x113a91300&gt; = {'possible_searches': ['Molecular Biology', 'Biochemistry', 'Biomedical Engineering', 'Biomaterials', 'General Agricultural and Biological Sciences', 'Cell Biology', ...]}.get&#10; +      where {'possible_searches': ['Molecular Biology', 'Biochemistry', 'Biomedical Engineering', 'Biomaterials', 'General Agricultural and Biological Sciences', 'Cell Biology', ...]} = &lt;bound method Response.get_json of &lt;WrapperTestResponse 356 bytes [200 OK]&gt;&gt;()&#10; +        where &lt;bound method Response.get_json of &lt;WrapperTestResponse 356 bytes [200 OK]&gt;&gt; = &lt;WrapperTestResponse 356 bytes [200 OK]&gt;.get_json">E   AssertionError: assert 'Biology' in ['Molecular Biology', 'Biochemistry', 'Biomedical Engineering', 'Biomaterials', 'General Agricultural and Biological Sciences', 'Cell Biology', ...]
     +  where ['Molecular Biology', 'Biochemistry', 'Biomedical Engineering', 'Biomaterials', 'General Agricultural and Biological Sciences', 'Cell Biology', ...] = &lt;built-in method get of dict object at 0x113a91300&gt;('possible_searches', [])
     +    where &lt;built-in method get of dict object at 0x113a91300&gt; = {'possible_searches': ['Molecular Biology', 'Biochemistry', 'Biomedical Engineering', 'Biomaterials', 'General Agricultural and Biological Sciences', 'Cell Biology', ...]}.get
     +      where {'possible_searches': ['Molecular Biology', 'Biochemistry', 'Biomedical Engineering', 'Biomaterials', 'General Agricultural and Biological Sciences', 'Cell Biology', ...]} = &lt;bound method Response.get_json of &lt;WrapperTestResponse 356 bytes [200 OK]&gt;&gt;()
     +        where &lt;bound method Response.get_json of &lt;WrapperTestResponse 356 bytes [200 OK]&gt;&gt; = &lt;WrapperTestResponse 356 bytes [200 OK]&gt;.get_json</failure></testcase><testcase classname="backend.tests.unit.test_app_extras" name="test_openalex_unexpected_structure" time="0.001"><failure message="Failed: DID NOT RAISE &lt;class 'Exception'&gt;">E   Failed: DID NOT RAISE &lt;class 'Exception'&gt;</failure></testcase><testcase classname="backend.tests.unit.test_app_extras" name="test_environment_loading_missing_vars" time="0.006" /><testcase classname="backend.tests.unit.test_app_extras" name="test_execute_query_sql_error" time="0.003"><failure message="AssertionError: assert &lt;MagicMock name='connect().__enter__().cursor().__enter__().fetchall()' id='4628382912'&gt; is None">E   AssertionError: assert &lt;MagicMock name='connect().__enter__().cursor().__enter__().fetchall()' id='4628382912'&gt; is None</failure></testcase><testcase classname="backend.tests.unit.test_app_extras" name="test_missing_json_fields" time="0.003"><failure message="assert 500 == 400&#10; +  where 500 = &lt;WrapperTestResponse streamed [500 INTERNAL SERVER ERROR]&gt;.status_code">E   assert 500 == 400
     +  where 500 = &lt;WrapperTestResponse streamed [500 INTERNAL SERVER ERROR]&gt;.status_code</failure></testcase><testcase classname="backend.tests.unit.test_app_extras" name="test_empty_db_response" time="0.003"><failure message="assert 500 == 200&#10; +  where 500 = &lt;WrapperTestResponse streamed [500 INTERNAL SERVER ERROR]&gt;.status_code">E   assert 500 == 200
     +  where 500 = &lt;WrapperTestResponse streamed [500 INTERNAL SERVER ERROR]&gt;.status_code</failure></testcase><testcase classname="backend.tests.unit.test_app_extras" name="test_empty_sparql_response" time="0.001"><failure message="assert 405 == 200&#10; +  where 405 = &lt;WrapperTestResponse streamed [405 METHOD NOT ALLOWED]&gt;.status_code">E   assert 405 == 200
     +  where 405 = &lt;WrapperTestResponse streamed [405 METHOD NOT ALLOWED]&gt;.status_code</failure></testcase><testcase classname="backend.tests.unit.test_app_extras" name="test_sparql_exception_handling" time="0.001"><failure message="assert 405 == 500&#10; +  where 405 = &lt;WrapperTestResponse streamed [405 METHOD NOT ALLOWED]&gt;.status_code">E   assert 405 == 500
     +  where 405 = &lt;WrapperTestResponse streamed [405 METHOD NOT ALLOWED]&gt;.status_code</failure></testcase><testcase classname="backend.tests.unit.test_app_extras" name="test_missing_keys_handling" time="0.004"><failure message="assert 500 == 200&#10; +  where 500 = &lt;WrapperTestResponse streamed [500 INTERNAL SERVER ERROR]&gt;.status_code">E   assert 500 == 200
     +  where 500 = &lt;WrapperTestResponse streamed [500 INTERNAL SERVER ERROR]&gt;.status_code</failure></testcase><testcase classname="backend.tests.unit.test_app_extras" name="test_specific_conditional_branch" time="0.000"><failure message="AttributeError: &lt;module 'backend.app' from '/Users/deangladish/CollabNext_public/backend/app.py'&gt; does not have the attribute 'special_conditional_function'">E   AttributeError: &lt;module 'backend.app' from '/Users/deangladish/CollabNext_public/backend/app.py'&gt; does not have the attribute 'special_conditional_function'</failure></testcase><testcase classname="backend.tests.unit.test_app_extras" name="test_internal_server_error_explicit" time="0.000"><failure message="AttributeError: &lt;module 'backend.app' from '/Users/deangladish/CollabNext_public/backend/app.py'&gt; does not have the attribute 'some_internal_function'">E   AttributeError: &lt;module 'backend.app' from '/Users/deangladish/CollabNext_public/backend/app.py'&gt; does not have the attribute 'some_internal_function'</failure></testcase><testcase classname="backend.tests.unit.test_app_extras" name="test_db_connection_error" time="0.002" /><testcase classname="backend.tests.unit.test_app_extras" name="test_initial_search_missing_required_fields" time="0.003" /><testcase classname="backend.tests.unit.test_app_extras" name="test_custom_500_error_handler" time="0.015"><failure message="assert 200 == 500&#10; +  where 200 = &lt;WrapperTestResponse streamed [200 OK]&gt;.status_code">E   assert 200 == 500
     +  where 200 = &lt;WrapperTestResponse streamed [200 OK]&gt;.status_code</failure></testcase><testcase classname="backend.tests.unit.test_app_extras" name="test_missing_internal_function_handling" time="0.004" /><testcase classname="backend.tests.unit.test_app_extras" name="test_execute_query_returns_none" time="0.001" /><testcase classname="backend.tests.unit.test_app_extras" name="test_autofill_topics_csv_explicitly" time="0.003"><failure message="AssertionError: assert 'Biology' in ['Molecular Biology', 'Biochemistry', 'Biomedical Engineering', 'Biomaterials', 'General Agricultural and Biological Sciences', 'Cell Biology', ...]&#10; +  where ['Molecular Biology', 'Biochemistry', 'Biomedical Engineering', 'Biomaterials', 'General Agricultural and Biological Sciences', 'Cell Biology', ...] = &lt;built-in method get of dict object at 0x113a86380&gt;('possible_searches', [])&#10; +    where &lt;built-in method get of dict object at 0x113a86380&gt; = {'possible_searches': ['Molecular Biology', 'Biochemistry', 'Biomedical Engineering', 'Biomaterials', 'General Agricultural and Biological Sciences', 'Cell Biology', ...]}.get">E   AssertionError: assert 'Biology' in ['Molecular Biology', 'Biochemistry', 'Biomedical Engineering', 'Biomaterials', 'General Agricultural and Biological Sciences', 'Cell Biology', ...]
     +  where ['Molecular Biology', 'Biochemistry', 'Biomedical Engineering', 'Biomaterials', 'General Agricultural and Biological Sciences', 'Cell Biology', ...] = &lt;built-in method get of dict object at 0x113a86380&gt;('possible_searches', [])
     +    where &lt;built-in method get of dict object at 0x113a86380&gt; = {'possible_searches': ['Molecular Biology', 'Biochemistry', 'Biomedical Engineering', 'Biomaterials', 'General Agricultural and Biological Sciences', 'Cell Biology', ...]}.get</failure></testcase><testcase classname="backend.tests.unit.test_external_services" name="test_fetch_institutions_handles_http_error" time="0.003"><failure message="Failed: Code did not raise an exception, skipping test.">E   Failed: Code did not raise an exception, skipping test.</failure></testcase><testcase classname="backend.tests.unit.test_external_services" name="test_fetch_institutions_status_codes[Success]" time="0.001" /><testcase classname="backend.tests.unit.test_external_services" name="test_fetch_institutions_status_codes[NotFound]" time="0.002"><failure message="Failed: Expected &lt;class 'Exception'&gt;, but no exception was raised.">E   Failed: Expected &lt;class 'Exception'&gt;, but no exception was raised.</failure></testcase><testcase classname="backend.tests.unit.test_external_services" name="test_fetch_institutions_status_codes[ServerError]" time="0.002"><failure message="Failed: Expected &lt;class 'Exception'&gt;, but no exception was raised.">E   Failed: Expected &lt;class 'Exception'&gt;, but no exception was raised.</failure></testcase><testcase classname="backend.tests.unit.test_external_services" name="test_fetch_institutions_responses_multiple" time="0.002"><failure message="Failed: Expected Exception not raised; skipping test.">E   Failed: Expected Exception not raised; skipping test.</failure></testcase><testcase classname="backend.tests.unit.test_external_services" name="test_fetch_institutions_malformed_id" time="0.173"><failure message="Failed: No breaking Exception raised for malformed ID; skipping.">E   Failed: No breaking Exception raised for malformed ID; skipping.</failure></testcase><testcase classname="backend.tests.unit.test_external_services" name="test_query_SPARQL_endpoint_success" time="0.003" /><testcase classname="backend.tests.unit.test_external_services" name="test_query_SPARQL_endpoint_failure" time="0.003" /><testcase classname="backend.tests.unit.test_external_services" name="test_get_institution_metadata_sparql_no_results" time="0.002" /><testcase classname="backend.tests.unit.test_external_services" name="test_get_institution_metadata_sparql_valid" time="0.533" /><testcase classname="backend.tests.unit.test_external_services" name="test_get_author_metadata_sparql_no_results" time="0.002" /><testcase classname="backend.tests.unit.test_external_services" name="test_get_author_metadata_sparql_valid" time="0.001" /><testcase classname="backend.tests.unit.test_external_services" name="test_get_topic_and_researcher_metadata_sparql" time="0.217"><failure message="Failed: IndexError on subfield metadata; skipping.">E   IndexError: list index out of range

During handling of the above exception, another exception occurred:
E   Failed: IndexError on subfield metadata; skipping.</failure></testcase><testcase classname="backend.tests.unit.test_external_services" name="test_get_institution_and_topic_metadata_sparql" time="0.004"><failure message="Failed: KeyError for 'workscount' or other fields; skipping.">E   KeyError: 'workscount'

During handling of the above exception, another exception occurred:
E   Failed: KeyError for 'workscount' or other fields; skipping.</failure></testcase><testcase classname="backend.tests.unit.test_external_services" name="test_get_institution_and_topic_and_researcher_metadata_sparql" time="0.709" /><testcase classname="backend.tests.unit.test_external_services" name="test_query_SPARQL_endpoint_malformed_response" time="0.004" /><testcase classname="backend.tests.unit.test_external_services" name="test_query_SPARQL_endpoint_empty_bindings" time="0.003" /><testcase classname="backend.tests.unit.test_external_services" name="test_query_SPARQL_endpoint_json_decode_error" time="0.004" /><testcase classname="backend.tests.unit.test_logging" name="test_logger_setup[InfoLog]" time="0.002" /><testcase classname="backend.tests.unit.test_logging" name="test_logger_setup[WarningLog]" time="0.002" /><testcase classname="backend.tests.unit.test_logging" name="test_flask_app_logging[WarningCase]" time="0.002" /><testcase classname="backend.tests.unit.test_logging" name="test_flask_app_logging[InfoCase]" time="0.001" /><testcase classname="backend.tests.unit.test_logging" name="test_setup_logger_has_all_handlers" time="0.011" /><testcase classname="backend.tests.unit.test_search" name="test_initial_search_null_values" time="0.006"><failure message="Failed: Got None for Null-values test.">E   Failed: Got None for Null-values test.</failure></testcase><testcase classname="backend.tests.unit.test_search" name="test_initial_search_empty_or_whitespace[AllEmptyStrings]" time="0.003" /><testcase classname="backend.tests.unit.test_search" name="test_initial_search_empty_or_whitespace[AllSpaces]" time="0.611" /><testcase classname="backend.tests.unit.test_search" name="test_initial_search_partially_null[OrgOnly]" time="0.007"><failure message="Failed: No JSON returned; skipping partial null test.">E   Failed: No JSON returned; skipping partial null test.</failure></testcase><testcase classname="backend.tests.unit.test_search" name="test_initial_search_partially_null[ResearcherOnly]" time="0.593" /><testcase classname="backend.tests.unit.test_search" name="test_initial_search_partially_null[OrgType]" time="0.555" /><testcase classname="backend.tests.unit.test_search" name="test_initial_search_invalid_types[AllNumbers]" time="0.007"><failure message="Failed: Got None for invalid types; skipping.">E   Failed: Got None for invalid types; skipping.</failure></testcase><testcase classname="backend.tests.unit.test_search" name="test_initial_search_invalid_types[MixedTypes]" time="0.005"><failure message="Failed: Got None for invalid types; skipping.">E   Failed: Got None for invalid types; skipping.</failure></testcase><testcase classname="backend.tests.unit.test_search" name="test_initial_search_extremely_long_strings" time="0.641" /><testcase classname="backend.tests.unit.test_search" name="test_initial_search_no_payload" time="0.002" /><testcase classname="backend.tests.unit.test_search" name="test_initial_search_special_chars" time="0.441" /><testcase classname="backend.tests.unit.test_search" name="test_initial_search_unknown_type" time="0.605" /><testcase classname="backend.tests.unit.test_search" name="test_initial_search_numeric_topic" time="0.628" /><testcase classname="backend.tests.unit.test_search" name="test_initial_search_all_fields_invalid[CompletelyEmpty]" time="0.006" /><testcase classname="backend.tests.unit.test_search" name="test_initial_search_all_fields_invalid[AllBlankStrings]" time="0.004" /><testcase classname="backend.tests.unit.test_search" name="test_initial_search_all_fields_invalid[UnusedKey]" time="0.005" /><testcase classname="backend.tests.unit.test_search" name="test_search_by_author_param[AuthorFound]" time="0.003" /><testcase classname="backend.tests.unit.test_search" name="test_search_by_author_param[AuthorNotFound]" time="0.003" /><testcase classname="backend.tests.unit.test_search" name="test_search_by_institution_param[InstitutionFound]" time="0.003" /><testcase classname="backend.tests.unit.test_search" name="test_search_by_institution_param[InstitutionNotFound]" time="0.003" /><testcase classname="backend.tests.unit.test_search" name="test_search_by_topic_param[TopicFound]" time="0.002" /><testcase classname="backend.tests.unit.test_search" name="test_search_by_topic_param[TopicNotFound]" time="0.002" /><testcase classname="backend.tests.unit.test_search" name="test_search_by_author_success" time="0.002" /><testcase classname="backend.tests.unit.test_search" name="test_search_by_author_no_ids" time="0.002" /><testcase classname="backend.tests.unit.test_search" name="test_search_by_author_institution_topic_success" time="0.002" /><testcase classname="backend.tests.unit.test_search" name="test_search_by_author_institution_topic_no_author_ids" time="0.002" /><testcase classname="backend.tests.unit.test_search" name="test_search_by_author_institution_topic_no_institution_id" time="0.002" /><testcase classname="backend.tests.unit.test_search" name="test_search_by_author_institution_success" time="0.002" /><testcase classname="backend.tests.unit.test_search" name="test_search_by_author_institution_no_author_ids" time="0.002" /><testcase classname="backend.tests.unit.test_search" name="test_search_by_author_institution_no_institution_id" time="0.002" /><testcase classname="backend.tests.unit.test_search" name="test_search_by_institution_topic_success" time="0.001" /><testcase classname="backend.tests.unit.test_search" name="test_search_by_institution_topic_no_institution_id" time="0.001" /><testcase classname="backend.tests.unit.test_search" name="test_search_by_author_topic_success" time="0.002" /><testcase classname="backend.tests.unit.test_search" name="test_search_by_author_topic_no_author_ids" time="0.001" /><testcase classname="backend.tests.unit.test_search" name="test_search_by_topic_success" time="0.001" /><testcase classname="backend.tests.unit.test_search" name="test_search_by_topic_no_result" time="0.002" /><testcase classname="backend.tests.unit.test_search" name="test_search_by_institution_success" time="0.001" /><testcase classname="backend.tests.unit.test_search" name="test_search_by_institution_no_institution_id" time="0.002" /></testsuite></testsuites>