<?xml version="1.0" encoding="utf-8"?><testsuites><testsuite name="pytest" errors="0" failures="0" skipped="0" tests="146" time="60.264" timestamp="2025-03-24T04:30:28.864281" hostname="MacBook-Pro-112.lan"><testcase classname="backend.tests.api.test_endpoints" name="test_initial_search_null_values" time="1.336" /><testcase classname="backend.tests.api.test_endpoints" name="test_initial_search_empty_or_whitespace[AllEmptyStrings]" time="0.002" /><testcase classname="backend.tests.api.test_endpoints" name="test_initial_search_empty_or_whitespace[AllSpaces]" time="0.838" /><testcase classname="backend.tests.api.test_endpoints" name="test_initial_search_partially_null[OrgOnly]" time="1.235" /><testcase classname="backend.tests.api.test_endpoints" name="test_initial_search_partially_null[ResearcherOnly]" time="0.828" /><testcase classname="backend.tests.api.test_endpoints" name="test_initial_search_partially_null[OrgType]" time="0.830" /><testcase classname="backend.tests.api.test_endpoints" name="test_initial_search_invalid_types[AllNumbers]" time="1.247" /><testcase classname="backend.tests.api.test_endpoints" name="test_initial_search_invalid_types[MixedTypes]" time="1.249" /><testcase classname="backend.tests.api.test_endpoints" name="test_initial_search_extremely_long_strings" time="1.265" /><testcase classname="backend.tests.api.test_endpoints" name="test_initial_search_no_payload" time="0.002" /><testcase classname="backend.tests.api.test_endpoints" name="test_initial_search_special_chars" time="0.416" /><testcase classname="backend.tests.api.test_endpoints" name="test_initial_search_unknown_type" time="1.258" /><testcase classname="backend.tests.api.test_endpoints" name="test_initial_search_numeric_topic" time="1.326" /><testcase classname="backend.tests.api.test_endpoints" name="test_initial_search_all_fields_invalid[CompletelyEmpty]" time="0.002" /><testcase classname="backend.tests.api.test_endpoints" name="test_initial_search_all_fields_invalid[AllBlankStrings]" time="0.003" /><testcase classname="backend.tests.api.test_endpoints" name="test_initial_search_all_fields_invalid[UnusedKey]" time="0.002" /><testcase classname="backend.tests.api.test_endpoints" name="test_initial_search_valid_author_only" time="0.676" /><testcase classname="backend.tests.api.test_endpoints" name="test_initial_search_valid_institution_only" time="6.954" /><testcase classname="backend.tests.api.test_endpoints" name="test_initial_search_valid_topic_only" time="0.001" /><testcase classname="backend.tests.api.test_endpoints" name="test_initial_search_valid_author_institution" time="0.831" /><testcase classname="backend.tests.api.test_endpoints" name="test_initial_search_valid_institution_topic" time="1.369" /><testcase classname="backend.tests.api.test_endpoints" name="test_initial_search_valid_author_topic" time="0.829" /><testcase classname="backend.tests.api.test_endpoints" name="test_initial_search_all_three" time="1.736" /><testcase classname="backend.tests.api.test_endpoints" name="test_initial_search_nonexistent_author" time="0.432" /><testcase classname="backend.tests.api.test_endpoints" name="test_initial_search_nonexistent_institution" time="0.428" /><testcase classname="backend.tests.api.test_endpoints" name="test_initial_search_nonexistent_topic" time="0.005" /><testcase classname="backend.tests.api.test_endpoints" name="test_initial_search_partial_author[Lew]" time="0.601" /><testcase classname="backend.tests.api.test_endpoints" name="test_initial_search_partial_author[]" time="6.927" /><testcase classname="backend.tests.api.test_endpoints" name="test_initial_search_partial_author[ ]" time="0.001" /><testcase classname="backend.tests.api.test_endpoints" name="test_initial_search_whitespace_fields" time="0.879" /><testcase classname="backend.tests.api.test_endpoints" name="test_initial_search_hbcu_check[HBCU]" time="4.271" /><testcase classname="backend.tests.api.test_endpoints" name="test_initial_search_hbcu_check[NonHBCU]" time="7.145" /><testcase classname="backend.tests.api.test_endpoints" name="test_initial_search_orcid" time="0.425" /><testcase classname="backend.tests.api.test_endpoints" name="test_initial_search_special_chars_in_topic" time="0.003" /><testcase classname="backend.tests.api.test_endpoints" name="test_initial_search_exception" time="0.003" /><testcase classname="backend.tests.api.test_endpoints" name="test_get_institutions_success" time="0.002" /><testcase classname="backend.tests.api.test_endpoints" name="test_get_institutions_no_data" time="0.002" /><testcase classname="backend.tests.api.test_endpoints" name="test_get_institutions_error" time="0.002" /><testcase classname="backend.tests.api.test_endpoints" name="test_autofill_institutions_success" time="0.002" /><testcase classname="backend.tests.api.test_endpoints" name="test_autofill_institutions_empty_query" time="0.002" /><testcase classname="backend.tests.api.test_endpoints" name="test_autofill_institutions_no_matches" time="0.001" /><testcase classname="backend.tests.api.test_endpoints" name="test_autofill_institutions_error" time="0.002" /><testcase classname="backend.tests.api.test_endpoints" name="test_autofill_topics_success" time="0.002" /><testcase classname="backend.tests.api.test_endpoints" name="test_autofill_topics_empty_query" time="0.001" /><testcase classname="backend.tests.api.test_endpoints" name="test_autofill_topics_no_matches" time="0.001" /><testcase classname="backend.tests.api.test_endpoints" name="test_autofill_topics_error" time="0.001" /><testcase classname="backend.tests.api.test_endpoints" name="test_get_default_graph_success" time="0.063" /><testcase classname="backend.tests.api.test_endpoints" name="test_get_default_graph_error" time="0.001" /><testcase classname="backend.tests.api.test_endpoints" name="test_get_topic_space_default_graph_success" time="0.040" /><testcase classname="backend.tests.api.test_endpoints" name="test_get_topic_space_default_graph_error" time="0.001" /><testcase classname="backend.tests.api.test_endpoints" name="test_search_topic_space_success" time="0.012" /><testcase classname="backend.tests.api.test_endpoints" name="test_search_topic_space_empty_query" time="0.012" /><testcase classname="backend.tests.api.test_endpoints" name="test_search_topic_space_no_matches" time="0.012" /><testcase classname="backend.tests.api.test_endpoints" name="test_search_topic_space_error" time="0.001" /><testcase classname="backend.tests.integration.test_search_workflows" name="test_search_by_author_param[AuthorFound]" time="0.001" /><testcase classname="backend.tests.integration.test_search_workflows" name="test_search_by_author_param[AuthorNotFound]" time="0.001" /><testcase classname="backend.tests.integration.test_search_workflows" name="test_search_by_institution_param[InstitutionFound]" time="0.001" /><testcase classname="backend.tests.integration.test_search_workflows" name="test_search_by_institution_param[InstitutionNotFound]" time="0.001" /><testcase classname="backend.tests.integration.test_search_workflows" name="test_search_by_topic_param[TopicFound]" time="0.001" /><testcase classname="backend.tests.integration.test_search_workflows" name="test_search_by_topic_param[TopicNotFound]" time="0.001" /><testcase classname="backend.tests.integration.test_search_workflows" name="test_search_by_author_success" time="0.001" /><testcase classname="backend.tests.integration.test_search_workflows" name="test_search_by_author_no_ids" time="0.001" /><testcase classname="backend.tests.integration.test_search_workflows" name="test_search_by_author_institution_topic_success" time="0.001" /><testcase classname="backend.tests.integration.test_search_workflows" name="test_search_by_author_institution_topic_no_author_ids" time="0.001" /><testcase classname="backend.tests.integration.test_search_workflows" name="test_search_by_author_institution_topic_no_institution_id" time="0.001" /><testcase classname="backend.tests.integration.test_search_workflows" name="test_search_by_author_institution_success" time="0.001" /><testcase classname="backend.tests.integration.test_search_workflows" name="test_search_by_author_institution_no_author_ids" time="0.001" /><testcase classname="backend.tests.integration.test_search_workflows" name="test_search_by_author_institution_no_institution_id" time="0.001" /><testcase classname="backend.tests.integration.test_search_workflows" name="test_search_by_institution_topic_success" time="0.001" /><testcase classname="backend.tests.integration.test_search_workflows" name="test_search_by_institution_topic_no_institution_id" time="0.001" /><testcase classname="backend.tests.integration.test_search_workflows" name="test_search_by_author_topic_success" time="0.001" /><testcase classname="backend.tests.integration.test_search_workflows" name="test_search_by_author_topic_no_author_ids" time="0.001" /><testcase classname="backend.tests.integration.test_search_workflows" name="test_search_by_topic_success" time="0.000" /><testcase classname="backend.tests.integration.test_search_workflows" name="test_search_by_topic_no_result" time="0.000" /><testcase classname="backend.tests.integration.test_search_workflows" name="test_search_by_institution_success" time="0.001" /><testcase classname="backend.tests.integration.test_search_workflows" name="test_search_by_institution_no_institution_id" time="0.000" /><testcase classname="backend.tests.integration.test_search_workflows" name="test_get_researcher_result_fallback_success" time="0.001" /><testcase classname="backend.tests.integration.test_search_workflows" name="test_get_researcher_result_fallback_no_results" time="0.001" /><testcase classname="backend.tests.integration.test_search_workflows" name="test_get_institution_results_fallback_success" time="0.001" /><testcase classname="backend.tests.integration.test_search_workflows" name="test_get_institution_results_fallback_no_results" time="0.001" /><testcase classname="backend.tests.integration.test_search_workflows" name="test_get_researcher_and_subfield_results_fallback_success" time="0.001" /><testcase classname="backend.tests.integration.test_search_workflows" name="test_get_researcher_and_subfield_results_fallback_no_results" time="0.001" /><testcase classname="backend.tests.integration.test_search_workflows" name="test_author_search_result_schema" time="0.001" /><testcase classname="backend.tests.integration.test_search_workflows" name="test_institution_search_result_schema" time="0.001" /><testcase classname="backend.tests.integration.test_search_workflows" name="test_topic_search_result_schema" time="0.000" /><testcase classname="backend.tests.unit.test_external_services" name="test_fetch_institutions_handles_http_error" time="0.003" /><testcase classname="backend.tests.unit.test_external_services" name="test_fetch_institutions_status_codes[Success]" time="0.002" /><testcase classname="backend.tests.unit.test_external_services" name="test_fetch_institutions_status_codes[NotFound]" time="0.001" /><testcase classname="backend.tests.unit.test_external_services" name="test_fetch_institutions_status_codes[ServerError]" time="0.001" /><testcase classname="backend.tests.unit.test_external_services" name="test_fetch_institutions_responses_multiple" time="0.003" /><testcase classname="backend.tests.unit.test_external_services" name="test_fetch_institutions_malformed_id" time="0.348" /><testcase classname="backend.tests.unit.test_external_services" name="test_query_SPARQL_endpoint_success" time="0.004" /><testcase classname="backend.tests.unit.test_external_services" name="test_query_SPARQL_endpoint_failure" time="0.002" /><testcase classname="backend.tests.unit.test_external_services" name="test_get_institution_metadata_sparql_no_results" time="0.001" /><testcase classname="backend.tests.unit.test_external_services" name="test_get_institution_metadata_sparql_valid" time="0.494" /><testcase classname="backend.tests.unit.test_external_services" name="test_get_author_metadata_sparql_no_results" time="0.002" /><testcase classname="backend.tests.unit.test_external_services" name="test_get_author_metadata_sparql_valid" time="0.001" /><testcase classname="backend.tests.unit.test_external_services" name="test_get_topic_and_researcher_metadata_sparql" time="0.002" /><testcase classname="backend.tests.unit.test_external_services" name="test_get_institution_and_topic_metadata_sparql" time="0.480" /><testcase classname="backend.tests.unit.test_external_services" name="test_get_institution_and_topic_and_researcher_metadata_sparql" time="0.516" /><testcase classname="backend.tests.unit.test_external_services" name="test_query_SPARQL_endpoint_malformed_response" time="0.004" /><testcase classname="backend.tests.unit.test_external_services" name="test_query_SPARQL_endpoint_empty_bindings" time="0.003" /><testcase classname="backend.tests.unit.test_external_services" name="test_query_SPARQL_endpoint_json_decode_error" time="0.002" /><testcase classname="backend.tests.unit.test_logging" name="test_logger_setup[InfoLog]" time="0.001" /><testcase classname="backend.tests.unit.test_logging" name="test_logger_setup[WarningLog]" time="0.001" /><testcase classname="backend.tests.unit.test_logging" name="test_flask_app_logging[WarningCase]" time="0.001" /><testcase classname="backend.tests.unit.test_logging" name="test_flask_app_logging[InfoCase]" time="0.001" /><testcase classname="backend.tests.unit.test_logging" name="test_setup_logger_has_all_handlers" time="0.010" /><testcase classname="backend.tests.unit.test_search" name="test_initial_search_null_values" time="1.310" /><testcase classname="backend.tests.unit.test_search" name="test_initial_search_empty_or_whitespace[AllEmptyStrings]" time="0.003" /><testcase classname="backend.tests.unit.test_search" name="test_initial_search_empty_or_whitespace[AllSpaces]" time="0.870" /><testcase classname="backend.tests.unit.test_search" name="test_initial_search_partially_null[OrgOnly]" time="1.293" /><testcase classname="backend.tests.unit.test_search" name="test_initial_search_partially_null[ResearcherOnly]" time="0.868" /><testcase classname="backend.tests.unit.test_search" name="test_initial_search_partially_null[OrgType]" time="0.854" /><testcase classname="backend.tests.unit.test_search" name="test_initial_search_invalid_types[AllNumbers]" time="1.369" /><testcase classname="backend.tests.unit.test_search" name="test_initial_search_invalid_types[MixedTypes]" time="1.306" /><testcase classname="backend.tests.unit.test_search" name="test_initial_search_extremely_long_strings" time="1.270" /><testcase classname="backend.tests.unit.test_search" name="test_initial_search_no_payload" time="0.002" /><testcase classname="backend.tests.unit.test_search" name="test_initial_search_special_chars" time="0.411" /><testcase classname="backend.tests.unit.test_search" name="test_initial_search_unknown_type" time="1.264" /><testcase classname="backend.tests.unit.test_search" name="test_initial_search_numeric_topic" time="1.263" /><testcase classname="backend.tests.unit.test_search" name="test_initial_search_all_fields_invalid[CompletelyEmpty]" time="0.002" /><testcase classname="backend.tests.unit.test_search" name="test_initial_search_all_fields_invalid[AllBlankStrings]" time="0.002" /><testcase classname="backend.tests.unit.test_search" name="test_initial_search_all_fields_invalid[UnusedKey]" time="0.002" /><testcase classname="backend.tests.unit.test_search" name="test_search_by_author_param[AuthorFound]" time="0.002" /><testcase classname="backend.tests.unit.test_search" name="test_search_by_author_param[AuthorNotFound]" time="0.002" /><testcase classname="backend.tests.unit.test_search" name="test_search_by_institution_param[InstitutionFound]" time="0.002" /><testcase classname="backend.tests.unit.test_search" name="test_search_by_institution_param[InstitutionNotFound]" time="0.002" /><testcase classname="backend.tests.unit.test_search" name="test_search_by_topic_param[TopicFound]" time="0.001" /><testcase classname="backend.tests.unit.test_search" name="test_search_by_topic_param[TopicNotFound]" time="0.001" /><testcase classname="backend.tests.unit.test_search" name="test_search_by_author_success" time="0.001" /><testcase classname="backend.tests.unit.test_search" name="test_search_by_author_no_ids" time="0.001" /><testcase classname="backend.tests.unit.test_search" name="test_search_by_author_institution_topic_success" time="0.002" /><testcase classname="backend.tests.unit.test_search" name="test_search_by_author_institution_topic_no_author_ids" time="0.001" /><testcase classname="backend.tests.unit.test_search" name="test_search_by_author_institution_topic_no_institution_id" time="0.001" /><testcase classname="backend.tests.unit.test_search" name="test_search_by_author_institution_success" time="0.001" /><testcase classname="backend.tests.unit.test_search" name="test_search_by_author_institution_no_author_ids" time="0.001" /><testcase classname="backend.tests.unit.test_search" name="test_search_by_author_institution_no_institution_id" time="0.001" /><testcase classname="backend.tests.unit.test_search" name="test_search_by_institution_topic_success" time="0.001" /><testcase classname="backend.tests.unit.test_search" name="test_search_by_institution_topic_no_institution_id" time="0.001" /><testcase classname="backend.tests.unit.test_search" name="test_search_by_author_topic_success" time="0.001" /><testcase classname="backend.tests.unit.test_search" name="test_search_by_author_topic_no_author_ids" time="0.001" /><testcase classname="backend.tests.unit.test_search" name="test_search_by_topic_success" time="0.001" /><testcase classname="backend.tests.unit.test_search" name="test_search_by_topic_no_result" time="0.001" /><testcase classname="backend.tests.unit.test_search" name="test_search_by_institution_success" time="0.001" /><testcase classname="backend.tests.unit.test_search" name="test_search_by_institution_no_institution_id" time="0.001" /></testsuite></testsuites>